<?xml version="1.0" encoding="UTF-8"?>
<testsuite name="com.sumflower.demo.DemoApplicationTests" time="0.019" tests="1" errors="1" skipped="0" failures="0">
  <properties>
[...]
</properties>
  <testcase name="contextLoads" classname="com.sumflower.demo.DemoApplicationTests" time="0.019">
    <error message="javax/mail/Address" type="java.lang.NoClassDefFoundError">java.lang.NoClassDefFoundError: javax/mail/Address
	at java.lang.Class.getDeclaredFields0(Native Method)
	at java.lang.Class.privateGetDeclaredFields(Class.java:2583)
	at java.lang.Class.getDeclaredFields(Class.java:1916)
	at org.springframework.util.ReflectionUtils.getDeclaredFields(ReflectionUtils.java:713)
	at org.springframework.util.ReflectionUtils.doWithFields(ReflectionUtils.java:685)
	at org.springframework.util.ReflectionUtils.doWithFields(ReflectionUtils.java:671)
	at org.springframework.boot.test.mock.mockito.DefinitionsParser.parse(DefinitionsParser.java:63)
	at org.springframework.boot.test.mock.mockito.MockitoPostProcessor.postProcessBeanFactory(MockitoPostProcessor.java:142)
	at org.springframework.boot.test.mock.mockito.MockitoPostProcessor.postProcessBeanFactory(MockitoPostProcessor.java:134)
	at org.springframework.context.support.PostProcessorRegistrationDelegate.invokeBeanFactoryPostProcessors(PostProcessorRegistrationDelegate.java:283)
	at org.springframework.context.support.PostProcessorRegistrationDelegate.invokeBeanFactoryPostProcessors(PostProcessorRegistrationDelegate.java:171)
	at org.springframework.context.support.AbstractApplicationContext.invokeBeanFactoryPostProcessors(AbstractApplicationContext.java:687)
	at org.springframework.context.support.AbstractApplicationContext.refresh(AbstractApplicationContext.java:525)
	at org.springframework.boot.SpringApplication.refresh(SpringApplication.java:693)
	at org.springframework.boot.SpringApplication.refreshContext(SpringApplication.java:360)
	at org.springframework.boot.SpringApplication.run(SpringApplication.java:303)
	at org.springframework.boot.test.context.SpringBootContextLoader.loadContext(SpringBootContextLoader.java:121)
	at org.springframework.test.context.cache.DefaultCacheAwareContextLoaderDelegate.loadContextInternal(DefaultCacheAwareContextLoaderDelegate.java:98)
	at org.springframework.test.context.cache.DefaultCacheAwareContextLoaderDelegate.loadContext(DefaultCacheAwareContextLoaderDelegate.java:116)
	at org.springframework.test.context.support.DefaultTestContext.getApplicationContext(DefaultTestContext.java:83)
	at org.springframework.test.context.web.ServletTestExecutionListener.setUpRequestContextIfNecessary(ServletTestExecutionListener.java:189)
	at org.springframework.test.context.web.ServletTestExecutionListener.prepareTestInstance(ServletTestExecutionListener.java:131)
	at org.springframework.test.context.TestContextManager.prepareTestInstance(TestContextManager.java:230)
	at org.springframework.test.context.junit4.SpringJUnit4ClassRunner.createTest(SpringJUnit4ClassRunner.java:228)
	at org.springframework.test.context.junit4.SpringJUnit4ClassRunner$1.runReflectiveCall(SpringJUnit4ClassRunner.java:287)
	at org.junit.internal.runners.model.ReflectiveCallable.run(ReflectiveCallable.java:12)
	at org.springframework.test.context.junit4.SpringJUnit4ClassRunner.methodBlock(SpringJUnit4ClassRunner.java:289)
	at org.springframework.test.context.junit4.SpringJUnit4ClassRunner.runChild(SpringJUnit4ClassRunner.java:247)
	at org.springframework.test.context.junit4.SpringJUnit4ClassRunner.runChild(SpringJUnit4ClassRunner.java:94)
	at org.junit.runners.ParentRunner$3.run(ParentRunner.java:290)
	at org.junit.runners.ParentRunner$1.schedule(ParentRunner.java:71)
	at org.junit.runners.ParentRunner.runChildren(ParentRunner.java:288)
	at org.junit.runners.ParentRunner.access$000(ParentRunner.java:58)
	at org.junit.runners.ParentRunner$2.evaluate(ParentRunner.java:268)
	at org.springframework.test.context.junit4.statements.RunBeforeTestClassCallbacks.evaluate(RunBeforeTestClassCallbacks.java:61)
	at org.springframework.test.context.junit4.statements.RunAfterTestClassCallbacks.evaluate(RunAfterTestClassCallbacks.java:70)
	at org.junit.runners.ParentRunner.run(ParentRunner.java:363)
	at org.springframework.test.context.junit4.SpringJUnit4ClassRunner.run(SpringJUnit4ClassRunner.java:191)
	at org.apache.maven.surefire.junit4.JUnit4Provider.execute(JUnit4Provider.java:283)
	at org.apache.maven.surefire.junit4.JUnit4Provider.executeWithRerun(JUnit4Provider.java:173)
	at org.apache.maven.surefire.junit4.JUnit4Provider.executeTestSet(JUnit4Provider.java:153)
	at org.apache.maven.surefire.junit4.JUnit4Provider.invoke(JUnit4Provider.java:128)
	at org.apache.maven.surefire.booter.ForkedBooter.invokeProviderInSameClassLoader(ForkedBooter.java:203)
	at org.apache.maven.surefire.booter.ForkedBooter.runSuitesInProcess(ForkedBooter.java:155)
	at org.apache.maven.surefire.booter.ForkedBooter.main(ForkedBooter.java:103)
Caused by: java.lang.ClassNotFoundException: javax.mail.Address
	at java.net.URLClassLoader.findClass(URLClassLoader.java:382)
	at java.lang.ClassLoader.loadClass(ClassLoader.java:424)
	at sun.misc.Launcher$AppClassLoader.loadClass(Launcher.java:349)
	at java.lang.ClassLoader.loadClass(ClassLoader.java:357)
	at java.lang.Class.getDeclaredFields0(Native Method)
	at java.lang.Class.privateGetDeclaredFields(Class.java:2583)
	at java.lang.Class.getDeclaredFields(Class.java:1916)
	at org.springframework.util.ReflectionUtils.getDeclaredFields(ReflectionUtils.java:713)
	at org.springframework.util.ReflectionUtils.doWithFields(ReflectionUtils.java:685)
	at org.springframework.util.ReflectionUtils.doWithFields(ReflectionUtils.java:671)
	at org.springframework.boot.test.mock.mockito.DefinitionsParser.parse(DefinitionsParser.java:63)
	at org.springframework.boot.test.mock.mockito.MockitoPostProcessor.postProcessBeanFactory(MockitoPostProcessor.java:142)
	at org.springframework.boot.test.mock.mockito.MockitoPostProcessor.postProcessBeanFactory(MockitoPostProcessor.java:134)
	at org.springframework.context.support.PostProcessorRegistrationDelegate.invokeBeanFactoryPostProcessors(PostProcessorRegistrationDelegate.java:283)
	at org.springframework.context.support.PostProcessorRegistrationDelegate.invokeBeanFactoryPostProcessors(PostProcessorRegistrationDelegate.java:171)
	at org.springframework.context.support.AbstractApplicationContext.invokeBeanFactoryPostProcessors(AbstractApplicationContext.java:687)
	at org.springframework.context.support.AbstractApplicationContext.refresh(AbstractApplicationContext.java:525)
	at org.springframework.boot.SpringApplication.refresh(SpringApplication.java:693)
	at org.springframework.boot.SpringApplication.refreshContext(SpringApplication.java:360)
	at org.springframework.boot.SpringApplication.run(SpringApplication.java:303)
	at org.springframework.boot.test.context.SpringBootContextLoader.loadContext(SpringBootContextLoader.java:121)
	at org.springframework.test.context.cache.DefaultCacheAwareContextLoaderDelegate.loadContextInternal(DefaultCacheAwareContextLoaderDelegate.java:98)
	at org.springframework.test.context.cache.DefaultCacheAwareContextLoaderDelegate.loadContext(DefaultCacheAwareContextLoaderDelegate.java:116)
	at org.springframework.test.context.support.DefaultTestContext.getApplicationContext(DefaultTestContext.java:83)
	at org.springframework.test.context.web.ServletTestExecutionListener.setUpRequestContextIfNecessary(ServletTestExecutionListener.java:189)
	at org.springframework.test.context.web.ServletTestExecutionListener.prepareTestInstance(ServletTestExecutionListener.java:131)
	at org.springframework.test.context.TestContextManager.prepareTestInstance(TestContextManager.java:230)
	at org.springframework.test.context.junit4.SpringJUnit4ClassRunner.createTest(SpringJUnit4ClassRunner.java:228)
	at org.springframework.test.context.junit4.SpringJUnit4ClassRunner$1.runReflectiveCall(SpringJUnit4ClassRunner.java:287)
	at org.junit.internal.runners.model.ReflectiveCallable.run(ReflectiveCallable.java:12)
	at org.springframework.test.context.junit4.SpringJUnit4ClassRunner.methodBlock(SpringJUnit4ClassRunner.java:289)
	at org.springframework.test.context.junit4.SpringJUnit4ClassRunner.runChild(SpringJUnit4ClassRunner.java:247)
	at org.springframework.test.context.junit4.SpringJUnit4ClassRunner.runChild(SpringJUnit4ClassRunner.java:94)
	at org.junit.runners.ParentRunner$3.run(ParentRunner.java:290)
	at org.junit.runners.ParentRunner$1.schedule(ParentRunner.java:71)
	at org.junit.runners.ParentRunner.runChildren(ParentRunner.java:288)
	at org.junit.runners.ParentRunner.access$000(ParentRunner.java:58)
	at org.junit.runners.ParentRunner$2.evaluate(ParentRunner.java:268)
	at org.springframework.test.context.junit4.statements.RunBeforeTestClassCallbacks.evaluate(RunBeforeTestClassCallbacks.java:61)
	at org.springframework.test.context.junit4.statements.RunAfterTestClassCallbacks.evaluate(RunAfterTestClassCallbacks.java:70)
	at org.junit.runners.ParentRunner.run(ParentRunner.java:363)
	at org.springframework.test.context.junit4.SpringJUnit4ClassRunner.run(SpringJUnit4ClassRunner.java:191)
	at org.apache.maven.surefire.junit4.JUnit4Provider.execute(JUnit4Provider.java:283)
	at org.apache.maven.surefire.junit4.JUnit4Provider.executeWithRerun(JUnit4Provider.java:173)
	at org.apache.maven.surefire.junit4.JUnit4Provider.executeTestSet(JUnit4Provider.java:153)
	at org.apache.maven.surefire.junit4.JUnit4Provider.invoke(JUnit4Provider.java:128)
	at org.apache.maven.surefire.booter.ForkedBooter.invokeProviderInSameClassLoader(ForkedBooter.java:203)
	at org.apache.maven.surefire.booter.ForkedBooter.runSuitesInProcess(ForkedBooter.java:155)
	at org.apache.maven.surefire.booter.ForkedBooter.main(ForkedBooter.java:103)
</error>
    <system-out><![CDATA[18:15:36.391 [main] DEBUG org.springframework.test.context.junit4.SpringJUnit4ClassRunner - SpringJUnit4ClassRunner constructor called with [class com.sumflower.demo.DemoApplicationTests]
18:15:36.404 [main] DEBUG org.springframework.test.context.BootstrapUtils - Instantiating CacheAwareContextLoaderDelegate from class [org.springframework.test.context.cache.DefaultCacheAwareContextLoaderDelegate]
18:15:36.427 [main] DEBUG org.springframework.test.context.BootstrapUtils - Instantiating BootstrapContext using constructor [public org.springframework.test.context.support.DefaultBootstrapContext(java.lang.Class,org.springframework.test.context.CacheAwareContextLoaderDelegate)]
18:15:36.454 [main] DEBUG org.springframework.test.context.BootstrapUtils - Instantiating TestContextBootstrapper for test class [com.sumflower.demo.DemoApplicationTests] from class [org.springframework.boot.test.context.SpringBootTestContextBootstrapper]
18:15:36.481 [main] INFO org.springframework.boot.test.context.SpringBootTestContextBootstrapper - Neither @ContextConfiguration nor @ContextHierarchy found for test class [com.sumflower.demo.DemoApplicationTests], using SpringBootContextLoader
18:15:36.487 [main] DEBUG org.springframework.test.context.support.AbstractContextLoader - Did not detect default resource location for test class [com.sumflower.demo.DemoApplicationTests]: class path resource [com/sumflower/demo/DemoApplicationTests-context.xml] does not exist
18:15:36.488 [main] DEBUG org.springframework.test.context.support.AbstractContextLoader - Did not detect default resource location for test class [com.sumflower.demo.DemoApplicationTests]: class path resource [com/sumflower/demo/DemoApplicationTestsContext.groovy] does not exist
18:15:36.488 [main] INFO org.springframework.test.context.support.AbstractContextLoader - Could not detect default resource locations for test class [com.sumflower.demo.DemoApplicationTests]: no resource found for suffixes {-context.xml, Context.groovy}.
18:15:36.489 [main] INFO org.springframework.test.context.support.AnnotationConfigContextLoaderUtils - Could not detect default configuration classes for test class [com.sumflower.demo.DemoApplicationTests]: DemoApplicationTests does not declare any static, non-private, non-final, nested classes annotated with @Configuration.
18:15:36.566 [main] DEBUG org.springframework.test.context.support.ActiveProfilesUtils - Could not find an 'annotation declaring class' for annotation type [org.springframework.test.context.ActiveProfiles] and class [com.sumflower.demo.DemoApplicationTests]
18:15:36.581 [main] DEBUG org.springframework.core.env.StandardEnvironment - Adding PropertySource 'systemProperties' with lowest search precedence
18:15:36.583 [main] DEBUG org.springframework.core.env.StandardEnvironment - Adding PropertySource 'systemEnvironment' with lowest search precedence
18:15:36.585 [main] DEBUG org.springframework.core.env.StandardEnvironment - Initialized StandardEnvironment with PropertySources [MapPropertySource@1766724936 {name='systemProperties', properties={java.runtime.name=Java(TM) SE Runtime Environment, sun.boot.library.path=/Library/Java/JavaVirtualMachines/jdk1.8.0_211.jdk/Contents/Home/jre/lib, java.vm.version=25.211-b12, gopherProxySet=false, java.vm.vendor=Oracle Corporation, java.vendor.url=http://java.oracle.com/, path.separator=:, java.vm.name=Java HotSpot(TM) 64-Bit Server VM, file.encoding.pkg=sun.io, user.country=CN, sun.java.launcher=SUN_STANDARD, sun.os.patch.level=unknown, java.vm.specification.name=Java Virtual Machine Specification, user.dir=/Users/Mac/Desktop/Sunflower-Cup-Competition-Reporting-System/demo, java.runtime.version=1.8.0_211-b12, basedir=/Users/Mac/Desktop/Sunflower-Cup-Competition-Reporting-System/demo, java.awt.graphicsenv=sun.awt.CGraphicsEnvironment, java.endorsed.dirs=/Library/Java/JavaVirtualMachines/jdk1.8.0_211.jdk/Contents/Home/jre/lib/endorsed, os.arch=x86_64, surefire.real.class.path=/Users/Mac/Desktop/Sunflower-Cup-Competition-Reporting-System/demo/target/surefire/surefirebooter5387001240069492201.jar, java.io.tmpdir=/var/folders/48/p0kxxyqx47jg34mpd_2d9lwr0000gn/T/, line.separator=
, java.vm.specification.vendor=Oracle Corporation, os.name=Mac OS X, sun.jnu.encoding=UTF-8, java.library.path=/Users/Mac/Library/Java/Extensions:/Library/Java/Extensions:/Network/Library/Java/Extensions:/System/Library/Java/Extensions:/usr/lib/java:., surefire.test.class.path=/Users/Mac/Desktop/Sunflower-Cup-Competition-Reporting-System/demo/target/test-classes:/Users/Mac/Desktop/Sunflower-Cup-Competition-Reporting-System/demo/target/classes:/Users/Mac/.m2/repository/org/springframework/boot/spring-boot-starter-aop/1.5.19.RELEASE/spring-boot-starter-aop-1.5.19.RELEASE.jar:/Users/Mac/.m2/repository/org/springframework/boot/spring-boot-starter/1.5.19.RELEASE/spring-boot-starter-1.5.19.RELEASE.jar:/Users/Mac/.m2/repository/org/springframework/boot/spring-boot-starter-logging/1.5.19.RELEASE/spring-boot-starter-logging-1.5.19.RELEASE.jar:/Users/Mac/.m2/repository/ch/qos/logback/logback-classic/1.1.11/logback-classic-1.1.11.jar:/Users/Mac/.m2/repository/ch/qos/logback/logback-core/1.1.11/logback-core-1.1.11.jar:/Users/Mac/.m2/repository/org/slf4j/jcl-over-slf4j/1.7.25/jcl-over-slf4j-1.7.25.jar:/Users/Mac/.m2/repository/org/slf4j/jul-to-slf4j/1.7.25/jul-to-slf4j-1.7.25.jar:/Users/Mac/.m2/repository/org/slf4j/log4j-over-slf4j/1.7.25/log4j-over-slf4j-1.7.25.jar:/Users/Mac/.m2/repository/org/yaml/snakeyaml/1.17/snakeyaml-1.17.jar:/Users/Mac/.m2/repository/org/springframework/spring-aop/4.3.22.RELEASE/spring-aop-4.3.22.RELEASE.jar:/Users/Mac/.m2/repository/org/springframework/spring-beans/4.3.22.RELEASE/spring-beans-4.3.22.RELEASE.jar:/Users/Mac/.m2/repository/org/aspectj/aspectjweaver/1.8.13/aspectjweaver-1.8.13.jar:/Users/Mac/.m2/repository/org/springframework/boot/spring-boot-starter-freemarker/1.5.19.RELEASE/spring-boot-starter-freemarker-1.5.19.RELEASE.jar:/Users/Mac/.m2/repository/org/freemarker/freemarker/2.3.28/freemarker-2.3.28.jar:/Users/Mac/.m2/repository/org/springframework/spring-context-support/4.3.22.RELEASE/spring-context-support-4.3.22.RELEASE.jar:/Users/Mac/.m2/repository/org/springframework/spring-context/4.3.22.RELEASE/spring-context-4.3.22.RELEASE.jar:/Users/Mac/.m2/repository/com/alibaba/fastjson/1.2.13/fastjson-1.2.13.jar:/Users/Mac/.m2/repository/org/springframework/boot/spring-boot-starter-web/1.5.19.RELEASE/spring-boot-starter-web-1.5.19.RELEASE.jar:/Users/Mac/.m2/repository/org/springframework/boot/spring-boot-starter-tomcat/1.5.19.RELEASE/spring-boot-starter-tomcat-1.5.19.RELEASE.jar:/Users/Mac/.m2/repository/org/apache/tomcat/embed/tomcat-embed-core/8.5.37/tomcat-embed-core-8.5.37.jar:/Users/Mac/.m2/repository/org/apache/tomcat/tomcat-annotations-api/8.5.37/tomcat-annotations-api-8.5.37.jar:/Users/Mac/.m2/repository/org/apache/tomcat/embed/tomcat-embed-el/8.5.37/tomcat-embed-el-8.5.37.jar:/Users/Mac/.m2/repository/org/apache/tomcat/embed/tomcat-embed-websocket/8.5.37/tomcat-embed-websocket-8.5.37.jar:/Users/Mac/.m2/repository/org/hibernate/hibernate-validator/5.3.6.Final/hibernate-validator-5.3.6.Final.jar:/Users/Mac/.m2/repository/javax/validation/validation-api/1.1.0.Final/validation-api-1.1.0.Final.jar:/Users/Mac/.m2/repository/org/jboss/logging/jboss-logging/3.3.2.Final/jboss-logging-3.3.2.Final.jar:/Users/Mac/.m2/repository/com/fasterxml/classmate/1.3.4/classmate-1.3.4.jar:/Users/Mac/.m2/repository/com/fasterxml/jackson/core/jackson-databind/2.8.11.3/jackson-databind-2.8.11.3.jar:/Users/Mac/.m2/repository/com/fasterxml/jackson/core/jackson-annotations/2.8.0/jackson-annotations-2.8.0.jar:/Users/Mac/.m2/repository/com/fasterxml/jackson/core/jackson-core/2.8.11/jackson-core-2.8.11.jar:/Users/Mac/.m2/repository/org/springframework/spring-web/4.3.22.RELEASE/spring-web-4.3.22.RELEASE.jar:/Users/Mac/.m2/repository/org/springframework/spring-webmvc/4.3.22.RELEASE/spring-webmvc-4.3.22.RELEASE.jar:/Users/Mac/.m2/repository/org/springframework/spring-expression/4.3.22.RELEASE/spring-expression-4.3.22.RELEASE.jar:/Users/Mac/.m2/repository/org/mybatis/spring/boot/mybatis-spring-boot-starter/1.1.1/mybatis-spring-boot-starter-1.1.1.jar:/Users/Mac/.m2/repository/org/mybatis/spring/boot/mybatis-spring-boot-autoconfigure/1.1.1/mybatis-spring-boot-autoconfigure-1.1.1.jar:/Users/Mac/.m2/repository/org/mybatis/mybatis/3.4.0/mybatis-3.4.0.jar:/Users/Mac/.m2/repository/org/mybatis/mybatis-spring/1.3.0/mybatis-spring-1.3.0.jar:/Users/Mac/.m2/repository/org/springframework/boot/spring-boot-starter-jdbc/1.5.19.RELEASE/spring-boot-starter-jdbc-1.5.19.RELEASE.jar:/Users/Mac/.m2/repository/org/apache/tomcat/tomcat-jdbc/8.5.37/tomcat-jdbc-8.5.37.jar:/Users/Mac/.m2/repository/org/apache/tomcat/tomcat-juli/8.5.37/tomcat-juli-8.5.37.jar:/Users/Mac/.m2/repository/org/springframework/spring-jdbc/4.3.22.RELEASE/spring-jdbc-4.3.22.RELEASE.jar:/Users/Mac/.m2/repository/org/springframework/spring-tx/4.3.22.RELEASE/spring-tx-4.3.22.RELEASE.jar:/Users/Mac/.m2/repository/mysql/mysql-connector-java/5.1.47/mysql-connector-java-5.1.47.jar:/Users/Mac/.m2/repository/org/springframework/boot/spring-boot-devtools/1.5.19.RELEASE/spring-boot-devtools-1.5.19.RELEASE.jar:/Users/Mac/.m2/repository/org/springframework/boot/spring-boot/1.5.19.RELEASE/spring-boot-1.5.19.RELEASE.jar:/Users/Mac/.m2/repository/org/springframework/boot/spring-boot-autoconfigure/1.5.19.RELEASE/spring-boot-autoconfigure-1.5.19.RELEASE.jar:/Users/Mac/.m2/repository/org/springframework/boot/spring-boot-starter-test/1.5.19.RELEASE/spring-boot-starter-test-1.5.19.RELEASE.jar:/Users/Mac/.m2/repository/org/springframework/boot/spring-boot-test/1.5.19.RELEASE/spring-boot-test-1.5.19.RELEASE.jar:/Users/Mac/.m2/repository/org/springframework/boot/spring-boot-test-autoconfigure/1.5.19.RELEASE/spring-boot-test-autoconfigure-1.5.19.RELEASE.jar:/Users/Mac/.m2/repository/com/jayway/jsonpath/json-path/2.2.0/json-path-2.2.0.jar:/Users/Mac/.m2/repository/net/minidev/json-smart/2.2.1/json-smart-2.2.1.jar:/Users/Mac/.m2/repository/net/minidev/accessors-smart/1.1/accessors-smart-1.1.jar:/Users/Mac/.m2/repository/org/ow2/asm/asm/5.0.3/asm-5.0.3.jar:/Users/Mac/.m2/repository/org/slf4j/slf4j-api/1.7.25/slf4j-api-1.7.25.jar:/Users/Mac/.m2/repository/junit/junit/4.12/junit-4.12.jar:/Users/Mac/.m2/repository/org/assertj/assertj-core/2.6.0/assertj-core-2.6.0.jar:/Users/Mac/.m2/repository/org/mockito/mockito-core/1.10.19/mockito-core-1.10.19.jar:/Users/Mac/.m2/repository/org/objenesis/objenesis/2.1/objenesis-2.1.jar:/Users/Mac/.m2/repository/org/hamcrest/hamcrest-core/1.3/hamcrest-core-1.3.jar:/Users/Mac/.m2/repository/org/hamcrest/hamcrest-library/1.3/hamcrest-library-1.3.jar:/Users/Mac/.m2/repository/org/skyscreamer/jsonassert/1.4.0/jsonassert-1.4.0.jar:/Users/Mac/.m2/repository/com/vaadin/external/google/android-json/0.0.20131108.vaadin1/android-json-0.0.20131108.vaadin1.jar:/Users/Mac/.m2/repository/org/springframework/spring-core/4.3.22.RELEASE/spring-core-4.3.22.RELEASE.jar:/Users/Mac/.m2/repository/org/springframework/spring-test/4.3.22.RELEASE/spring-test-4.3.22.RELEASE.jar:/Users/Mac/.m2/repository/com/itextpdf/itextpdf/5.4.3/itextpdf-5.4.3.jar:/Users/Mac/.m2/repository/com/itextpdf/itext-asian/5.2.0/itext-asian-5.2.0.jar:, java.specification.name=Java Platform API Specification, java.class.version=52.0, sun.management.compiler=HotSpot 64-Bit Tiered Compilers, os.version=10.14.5, http.nonProxyHosts=local|*.local|169.254/16|*.169.254/16, user.home=/Users/Mac, user.timezone=Asia/Shanghai, java.awt.printerjob=sun.lwawt.macosx.CPrinterJob, file.encoding=UTF-8, java.specification.version=1.8, java.class.path=/Users/Mac/Desktop/Sunflower-Cup-Competition-Reporting-System/demo/target/test-classes:/Users/Mac/Desktop/Sunflower-Cup-Competition-Reporting-System/demo/target/classes:/Users/Mac/.m2/repository/org/springframework/boot/spring-boot-starter-aop/1.5.19.RELEASE/spring-boot-starter-aop-1.5.19.RELEASE.jar:/Users/Mac/.m2/repository/org/springframework/boot/spring-boot-starter/1.5.19.RELEASE/spring-boot-starter-1.5.19.RELEASE.jar:/Users/Mac/.m2/repository/org/springframework/boot/spring-boot-starter-logging/1.5.19.RELEASE/spring-boot-starter-logging-1.5.19.RELEASE.jar:/Users/Mac/.m2/repository/ch/qos/logback/logback-classic/1.1.11/logback-classic-1.1.11.jar:/Users/Mac/.m2/repository/ch/qos/logback/logback-core/1.1.11/logback-core-1.1.11.jar:/Users/Mac/.m2/repository/org/slf4j/jcl-over-slf4j/1.7.25/jcl-over-slf4j-1.7.25.jar:/Users/Mac/.m2/repository/org/slf4j/jul-to-slf4j/1.7.25/jul-to-slf4j-1.7.25.jar:/Users/Mac/.m2/repository/org/slf4j/log4j-over-slf4j/1.7.25/log4j-over-slf4j-1.7.25.jar:/Users/Mac/.m2/repository/org/yaml/snakeyaml/1.17/snakeyaml-1.17.jar:/Users/Mac/.m2/repository/org/springframework/spring-aop/4.3.22.RELEASE/spring-aop-4.3.22.RELEASE.jar:/Users/Mac/.m2/repository/org/springframework/spring-beans/4.3.22.RELEASE/spring-beans-4.3.22.RELEASE.jar:/Users/Mac/.m2/repository/org/aspectj/aspectjweaver/1.8.13/aspectjweaver-1.8.13.jar:/Users/Mac/.m2/repository/org/springframework/boot/spring-boot-starter-freemarker/1.5.19.RELEASE/spring-boot-starter-freemarker-1.5.19.RELEASE.jar:/Users/Mac/.m2/repository/org/freemarker/freemarker/2.3.28/freemarker-2.3.28.jar:/Users/Mac/.m2/repository/org/springframework/spring-context-support/4.3.22.RELEASE/spring-context-support-4.3.22.RELEASE.jar:/Users/Mac/.m2/repository/org/springframework/spring-context/4.3.22.RELEASE/spring-context-4.3.22.RELEASE.jar:/Users/Mac/.m2/repository/com/alibaba/fastjson/1.2.13/fastjson-1.2.13.jar:/Users/Mac/.m2/repository/org/springframework/boot/spring-boot-starter-web/1.5.19.RELEASE/spring-boot-starter-web-1.5.19.RELEASE.jar:/Users/Mac/.m2/repository/org/springframework/boot/spring-boot-starter-tomcat/1.5.19.RELEASE/spring-boot-starter-tomcat-1.5.19.RELEASE.jar:/Users/Mac/.m2/repository/org/apache/tomcat/embed/tomcat-embed-core/8.5.37/tomcat-embed-core-8.5.37.jar:/Users/Mac/.m2/repository/org/apache/tomcat/tomcat-annotations-api/8.5.37/tomcat-annotations-api-8.5.37.jar:/Users/Mac/.m2/repository/org/apache/tomcat/embed/tomcat-embed-el/8.5.37/tomcat-embed-el-8.5.37.jar:/Users/Mac/.m2/repository/org/apache/tomcat/embed/tomcat-embed-websocket/8.5.37/tomcat-embed-websocket-8.5.37.jar:/Users/Mac/.m2/repository/org/hibernate/hibernate-validator/5.3.6.Final/hibernate-validator-5.3.6.Final.jar:/Users/Mac/.m2/repository/javax/validation/validation-api/1.1.0.Final/validation-api-1.1.0.Final.jar:/Users/Mac/.m2/repository/org/jboss/logging/jboss-logging/3.3.2.Final/jboss-logging-3.3.2.Final.jar:/Users/Mac/.m2/repository/com/fasterxml/classmate/1.3.4/classmate-1.3.4.jar:/Users/Mac/.m2/repository/com/fasterxml/jackson/core/jackson-databind/2.8.11.3/jackson-databind-2.8.11.3.jar:/Users/Mac/.m2/repository/com/fasterxml/jackson/core/jackson-annotations/2.8.0/jackson-annotations-2.8.0.jar:/Users/Mac/.m2/repository/com/fasterxml/jackson/core/jackson-core/2.8.11/jackson-core-2.8.11.jar:/Users/Mac/.m2/repository/org/springframework/spring-web/4.3.22.RELEASE/spring-web-4.3.22.RELEASE.jar:/Users/Mac/.m2/repository/org/springframework/spring-webmvc/4.3.22.RELEASE/spring-webmvc-4.3.22.RELEASE.jar:/Users/Mac/.m2/repository/org/springframework/spring-expression/4.3.22.RELEASE/spring-expression-4.3.22.RELEASE.jar:/Users/Mac/.m2/repository/org/mybatis/spring/boot/mybatis-spring-boot-starter/1.1.1/mybatis-spring-boot-starter-1.1.1.jar:/Users/Mac/.m2/repository/org/mybatis/spring/boot/mybatis-spring-boot-autoconfigure/1.1.1/mybatis-spring-boot-autoconfigure-1.1.1.jar:/Users/Mac/.m2/repository/org/mybatis/mybatis/3.4.0/mybatis-3.4.0.jar:/Users/Mac/.m2/repository/org/mybatis/mybatis-spring/1.3.0/mybatis-spring-1.3.0.jar:/Users/Mac/.m2/repository/org/springframework/boot/spring-boot-starter-jdbc/1.5.19.RELEASE/spring-boot-starter-jdbc-1.5.19.RELEASE.jar:/Users/Mac/.m2/repository/org/apache/tomcat/tomcat-jdbc/8.5.37/tomcat-jdbc-8.5.37.jar:/Users/Mac/.m2/repository/org/apache/tomcat/tomcat-juli/8.5.37/tomcat-juli-8.5.37.jar:/Users/Mac/.m2/repository/org/springframework/spring-jdbc/4.3.22.RELEASE/spring-jdbc-4.3.22.RELEASE.jar:/Users/Mac/.m2/repository/org/springframework/spring-tx/4.3.22.RELEASE/spring-tx-4.3.22.RELEASE.jar:/Users/Mac/.m2/repository/mysql/mysql-connector-java/5.1.47/mysql-connector-java-5.1.47.jar:/Users/Mac/.m2/repository/org/springframework/boot/spring-boot-devtools/1.5.19.RELEASE/spring-boot-devtools-1.5.19.RELEASE.jar:/Users/Mac/.m2/repository/org/springframework/boot/spring-boot/1.5.19.RELEASE/spring-boot-1.5.19.RELEASE.jar:/Users/Mac/.m2/repository/org/springframework/boot/spring-boot-autoconfigure/1.5.19.RELEASE/spring-boot-autoconfigure-1.5.19.RELEASE.jar:/Users/Mac/.m2/repository/org/springframework/boot/spring-boot-starter-test/1.5.19.RELEASE/spring-boot-starter-test-1.5.19.RELEASE.jar:/Users/Mac/.m2/repository/org/springframework/boot/spring-boot-test/1.5.19.RELEASE/spring-boot-test-1.5.19.RELEASE.jar:/Users/Mac/.m2/repository/org/springframework/boot/spring-boot-test-autoconfigure/1.5.19.RELEASE/spring-boot-test-autoconfigure-1.5.19.RELEASE.jar:/Users/Mac/.m2/repository/com/jayway/jsonpath/json-path/2.2.0/json-path-2.2.0.jar:/Users/Mac/.m2/repository/net/minidev/json-smart/2.2.1/json-smart-2.2.1.jar:/Users/Mac/.m2/repository/net/minidev/accessors-smart/1.1/accessors-smart-1.1.jar:/Users/Mac/.m2/repository/org/ow2/asm/asm/5.0.3/asm-5.0.3.jar:/Users/Mac/.m2/repository/org/slf4j/slf4j-api/1.7.25/slf4j-api-1.7.25.jar:/Users/Mac/.m2/repository/junit/junit/4.12/junit-4.12.jar:/Users/Mac/.m2/repository/org/assertj/assertj-core/2.6.0/assertj-core-2.6.0.jar:/Users/Mac/.m2/repository/org/mockito/mockito-core/1.10.19/mockito-core-1.10.19.jar:/Users/Mac/.m2/repository/org/objenesis/objenesis/2.1/objenesis-2.1.jar:/Users/Mac/.m2/repository/org/hamcrest/hamcrest-core/1.3/hamcrest-core-1.3.jar:/Users/Mac/.m2/repository/org/hamcrest/hamcrest-library/1.3/hamcrest-library-1.3.jar:/Users/Mac/.m2/repository/org/skyscreamer/jsonassert/1.4.0/jsonassert-1.4.0.jar:/Users/Mac/.m2/repository/com/vaadin/external/google/android-json/0.0.20131108.vaadin1/android-json-0.0.20131108.vaadin1.jar:/Users/Mac/.m2/repository/org/springframework/spring-core/4.3.22.RELEASE/spring-core-4.3.22.RELEASE.jar:/Users/Mac/.m2/repository/org/springframework/spring-test/4.3.22.RELEASE/spring-test-4.3.22.RELEASE.jar:/Users/Mac/.m2/repository/com/itextpdf/itextpdf/5.4.3/itextpdf-5.4.3.jar:/Users/Mac/.m2/repository/com/itextpdf/itext-asian/5.2.0/itext-asian-5.2.0.jar:, user.name=JeremyLi, java.vm.specification.version=1.8, sun.java.command=/Users/Mac/Desktop/Sunflower-Cup-Competition-Reporting-System/demo/target/surefire/surefirebooter5387001240069492201.jar /Users/Mac/Desktop/Sunflower-Cup-Competition-Reporting-System/demo/target/surefire/surefire5791225318564671829tmp /Users/Mac/Desktop/Sunflower-Cup-Competition-Reporting-System/demo/target/surefire/surefire_06406640244128284257tmp, java.home=/Library/Java/JavaVirtualMachines/jdk1.8.0_211.jdk/Contents/Home/jre, sun.arch.data.model=64, user.language=zh, java.specification.vendor=Oracle Corporation, idea.version2019.1.3=true, awt.toolkit=sun.lwawt.macosx.LWCToolkit, java.vm.info=mixed mode, java.version=1.8.0_211, java.ext.dirs=/Users/Mac/Library/Java/Extensions:/Library/Java/JavaVirtualMachines/jdk1.8.0_211.jdk/Contents/Home/jre/lib/ext:/Library/Java/Extensions:/Network/Library/Java/Extensions:/System/Library/Java/Extensions:/usr/lib/java, sun.boot.class.path=/Library/Java/JavaVirtualMachines/jdk1.8.0_211.jdk/Contents/Home/jre/lib/resources.jar:/Library/Java/JavaVirtualMachines/jdk1.8.0_211.jdk/Contents/Home/jre/lib/rt.jar:/Library/Java/JavaVirtualMachines/jdk1.8.0_211.jdk/Contents/Home/jre/lib/sunrsasign.jar:/Library/Java/JavaVirtualMachines/jdk1.8.0_211.jdk/Contents/Home/jre/lib/jsse.jar:/Library/Java/JavaVirtualMachines/jdk1.8.0_211.jdk/Contents/Home/jre/lib/jce.jar:/Library/Java/JavaVirtualMachines/jdk1.8.0_211.jdk/Contents/Home/jre/lib/charsets.jar:/Library/Java/JavaVirtualMachines/jdk1.8.0_211.jdk/Contents/Home/jre/lib/jfr.jar:/Library/Java/JavaVirtualMachines/jdk1.8.0_211.jdk/Contents/Home/jre/classes, java.vendor=Oracle Corporation, localRepository=/Users/Mac/.m2/repository, file.separator=/, java.vendor.url.bug=http://bugreport.sun.com/bugreport/, sun.io.unicode.encoding=UnicodeBig, sun.cpu.endian=little, socksNonProxyHosts=local|*.local|169.254/16|*.169.254/16, ftp.nonProxyHosts=local|*.local|169.254/16|*.169.254/16, sun.cpu.isalist=}}, SystemEnvironmentPropertySource@473581465 {name='systemEnvironment', properties={PATH=/usr/bin:/bin:/usr/sbin:/sbin, SHELL=/bin/bash, OLDPWD=/Users/Mac/Desktop/Sunflower-Cup-Competition-Reporting-System/demo, USER=JeremyLi, TMPDIR=/var/folders/48/p0kxxyqx47jg34mpd_2d9lwr0000gn/T/, JAVA_MAIN_CLASS_3519=org.codehaus.classworlds.Launcher, SSH_AUTH_SOCK=/private/tmp/com.apple.launchd.V5arDhFjjO/Listeners, XPC_FLAGS=0x0, JAVA_MAIN_CLASS_3522=org.apache.maven.surefire.booter.ForkedBooter, __CF_USER_TEXT_ENCODING=0x1F5:0x19:0x34, Apple_PubSub_Socket_Render=/private/tmp/com.apple.launchd.KHdUvAQ3O2/Render, LOGNAME=JeremyLi, XPC_SERVICE_NAME=0, PWD=/Users/Mac/Desktop/Sunflower-Cup-Competition-Reporting-System/demo, HOME=/Users/Mac, SHLVL=1, _=/Library/Java/JavaVirtualMachines/jdk1.8.0_211.jdk/Contents/Home/jre/bin/java}}]
18:15:36.617 [main] DEBUG org.springframework.core.io.support.PathMatchingResourcePatternResolver - Resolved classpath location [com/sumflower/demo/] to resources [URL [file:/Users/Mac/Desktop/Sunflower-Cup-Competition-Reporting-System/demo/target/test-classes/com/sumflower/demo/], URL [file:/Users/Mac/Desktop/Sunflower-Cup-Competition-Reporting-System/demo/target/classes/com/sumflower/demo/]]
18:15:36.617 [main] DEBUG org.springframework.core.io.support.PathMatchingResourcePatternResolver - Looking for matching resources in directory tree [/Users/Mac/Desktop/Sunflower-Cup-Competition-Reporting-System/demo/target/test-classes/com/sumflower/demo]
18:15:36.618 [main] DEBUG org.springframework.core.io.support.PathMatchingResourcePatternResolver - Searching directory [/Users/Mac/Desktop/Sunflower-Cup-Competition-Reporting-System/demo/target/test-classes/com/sumflower/demo] for files matching pattern [/Users/Mac/Desktop/Sunflower-Cup-Competition-Reporting-System/demo/target/test-classes/com/sumflower/demo/*.class]
18:15:36.629 [main] DEBUG org.springframework.core.io.support.PathMatchingResourcePatternResolver - Looking for matching resources in directory tree [/Users/Mac/Desktop/Sunflower-Cup-Competition-Reporting-System/demo/target/classes/com/sumflower/demo]
18:15:36.762 [main] DEBUG org.springframework.core.io.support.PathMatchingResourcePatternResolver - Searching directory [/Users/Mac/Desktop/Sunflower-Cup-Competition-Reporting-System/demo/target/classes/com/sumflower/demo] for files matching pattern [/Users/Mac/Desktop/Sunflower-Cup-Competition-Reporting-System/demo/target/classes/com/sumflower/demo/*.class]
18:15:36.766 [main] DEBUG org.springframework.core.io.support.PathMatchingResourcePatternResolver - Resolved location pattern [classpath*:com/sumflower/demo/*.class] to resources [file [/Users/Mac/Desktop/Sunflower-Cup-Competition-Reporting-System/demo/target/test-classes/com/sumflower/demo/DemoApplicationTests.class], file [/Users/Mac/Desktop/Sunflower-Cup-Competition-Reporting-System/demo/target/classes/com/sumflower/demo/DemoApplication.class]]
18:15:36.957 [main] DEBUG org.springframework.context.annotation.ClassPathScanningCandidateComponentProvider - Identified candidate component class: file [/Users/Mac/Desktop/Sunflower-Cup-Competition-Reporting-System/demo/target/classes/com/sumflower/demo/DemoApplication.class]
18:15:36.958 [main] INFO org.springframework.boot.test.context.SpringBootTestContextBootstrapper - Found @SpringBootConfiguration com.sumflower.demo.DemoApplication for test class com.sumflower.demo.DemoApplicationTests
18:15:36.967 [main] DEBUG org.springframework.boot.test.context.SpringBootTestContextBootstrapper - @TestExecutionListeners is not present for class [com.sumflower.demo.DemoApplicationTests]: using defaults.
18:15:36.973 [main] INFO org.springframework.boot.test.context.SpringBootTestContextBootstrapper - Loaded default TestExecutionListener class names from location [META-INF/spring.factories]: [org.springframework.boot.test.mock.mockito.MockitoTestExecutionListener, org.springframework.boot.test.mock.mockito.ResetMocksTestExecutionListener, org.springframework.boot.test.autoconfigure.restdocs.RestDocsTestExecutionListener, org.springframework.boot.test.autoconfigure.web.client.MockRestServiceServerResetTestExecutionListener, org.springframework.boot.test.autoconfigure.web.servlet.MockMvcPrintOnlyOnFailureTestExecutionListener, org.springframework.boot.test.autoconfigure.web.servlet.WebDriverTestExecutionListener, org.springframework.test.context.web.ServletTestExecutionListener, org.springframework.test.context.support.DirtiesContextBeforeModesTestExecutionListener, org.springframework.test.context.support.DependencyInjectionTestExecutionListener, org.springframework.test.context.support.DirtiesContextTestExecutionListener, org.springframework.test.context.transaction.TransactionalTestExecutionListener, org.springframework.test.context.jdbc.SqlScriptsTestExecutionListener]
18:15:37.032 [main] INFO org.springframework.boot.test.context.SpringBootTestContextBootstrapper - Using TestExecutionListeners: [org.springframework.test.context.web.ServletTestExecutionListener@77a57272, org.springframework.test.context.support.DirtiesContextBeforeModesTestExecutionListener@7181ae3f, org.springframework.boot.test.mock.mockito.MockitoTestExecutionListener@46238e3f, org.springframework.boot.test.autoconfigure.SpringBootDependencyInjectionTestExecutionListener@6e2c9341, org.springframework.test.context.support.DirtiesContextTestExecutionListener@32464a14, org.springframework.test.context.transaction.TransactionalTestExecutionListener@4e4aea35, org.springframework.test.context.jdbc.SqlScriptsTestExecutionListener@1442d7b5, org.springframework.boot.test.mock.mockito.ResetMocksTestExecutionListener@1efee8e7, org.springframework.boot.test.autoconfigure.restdocs.RestDocsTestExecutionListener@1ee807c6, org.springframework.boot.test.autoconfigure.web.client.MockRestServiceServerResetTestExecutionListener@76a4d6c, org.springframework.boot.test.autoconfigure.web.servlet.MockMvcPrintOnlyOnFailureTestExecutionListener@517cd4b, org.springframework.boot.test.autoconfigure.web.servlet.WebDriverTestExecutionListener@6cc7b4de]
18:15:37.036 [main] DEBUG org.springframework.test.annotation.ProfileValueUtils - Retrieved @ProfileValueSourceConfiguration [null] for test class [com.sumflower.demo.DemoApplicationTests]
18:15:37.037 [main] DEBUG org.springframework.test.annotation.ProfileValueUtils - Retrieved ProfileValueSource type [class org.springframework.test.annotation.SystemProfileValueSource] for class [com.sumflower.demo.DemoApplicationTests]
18:15:37.039 [main] DEBUG org.springframework.test.context.junit4.SpringJUnit4ClassRunner - SpringJUnit4ClassRunner constructor called with [class com.sumflower.demo.DemoApplicationTests]
18:15:37.040 [main] DEBUG org.springframework.test.context.BootstrapUtils - Instantiating CacheAwareContextLoaderDelegate from class [org.springframework.test.context.cache.DefaultCacheAwareContextLoaderDelegate]
18:15:37.040 [main] DEBUG org.springframework.test.context.BootstrapUtils - Instantiating BootstrapContext using constructor [public org.springframework.test.context.support.DefaultBootstrapContext(java.lang.Class,org.springframework.test.context.CacheAwareContextLoaderDelegate)]
18:15:37.041 [main] DEBUG org.springframework.test.context.BootstrapUtils - Instantiating TestContextBootstrapper for test class [com.sumflower.demo.DemoApplicationTests] from class [org.springframework.boot.test.context.SpringBootTestContextBootstrapper]
18:15:37.042 [main] INFO org.springframework.boot.test.context.SpringBootTestContextBootstrapper - Neither @ContextConfiguration nor @ContextHierarchy found for test class [com.sumflower.demo.DemoApplicationTests], using SpringBootContextLoader
18:15:37.043 [main] DEBUG org.springframework.test.context.support.AbstractContextLoader - Did not detect default resource location for test class [com.sumflower.demo.DemoApplicationTests]: class path resource [com/sumflower/demo/DemoApplicationTests-context.xml] does not exist
18:15:37.043 [main] DEBUG org.springframework.test.context.support.AbstractContextLoader - Did not detect default resource location for test class [com.sumflower.demo.DemoApplicationTests]: class path resource [com/sumflower/demo/DemoApplicationTestsContext.groovy] does not exist
18:15:37.044 [main] INFO org.springframework.test.context.support.AbstractContextLoader - Could not detect default resource locations for test class [com.sumflower.demo.DemoApplicationTests]: no resource found for suffixes {-context.xml, Context.groovy}.
18:15:37.045 [main] INFO org.springframework.test.context.support.AnnotationConfigContextLoaderUtils - Could not detect default configuration classes for test class [com.sumflower.demo.DemoApplicationTests]: DemoApplicationTests does not declare any static, non-private, non-final, nested classes annotated with @Configuration.
18:15:37.052 [main] DEBUG org.springframework.test.context.support.ActiveProfilesUtils - Could not find an 'annotation declaring class' for annotation type [org.springframework.test.context.ActiveProfiles] and class [com.sumflower.demo.DemoApplicationTests]
18:15:37.052 [main] DEBUG org.springframework.core.env.StandardEnvironment - Adding PropertySource 'systemProperties' with lowest search precedence
18:15:37.052 [main] DEBUG org.springframework.core.env.StandardEnvironment - Adding PropertySource 'systemEnvironment' with lowest search precedence
18:15:37.053 [main] DEBUG org.springframework.core.env.StandardEnvironment - Initialized StandardEnvironment with PropertySources [MapPropertySource@90205195 {name='systemProperties', properties={java.runtime.name=Java(TM) SE Runtime Environment, sun.boot.library.path=/Library/Java/JavaVirtualMachines/jdk1.8.0_211.jdk/Contents/Home/jre/lib, java.vm.version=25.211-b12, gopherProxySet=false, java.vm.vendor=Oracle Corporation, java.vendor.url=http://java.oracle.com/, path.separator=:, java.vm.name=Java HotSpot(TM) 64-Bit Server VM, file.encoding.pkg=sun.io, user.country=CN, sun.java.launcher=SUN_STANDARD, sun.os.patch.level=unknown, java.vm.specification.name=Java Virtual Machine Specification, user.dir=/Users/Mac/Desktop/Sunflower-Cup-Competition-Reporting-System/demo, java.runtime.version=1.8.0_211-b12, basedir=/Users/Mac/Desktop/Sunflower-Cup-Competition-Reporting-System/demo, java.awt.graphicsenv=sun.awt.CGraphicsEnvironment, java.endorsed.dirs=/Library/Java/JavaVirtualMachines/jdk1.8.0_211.jdk/Contents/Home/jre/lib/endorsed, os.arch=x86_64, surefire.real.class.path=/Users/Mac/Desktop/Sunflower-Cup-Competition-Reporting-System/demo/target/surefire/surefirebooter5387001240069492201.jar, java.io.tmpdir=/var/folders/48/p0kxxyqx47jg34mpd_2d9lwr0000gn/T/, line.separator=
, java.vm.specification.vendor=Oracle Corporation, os.name=Mac OS X, sun.jnu.encoding=UTF-8, java.library.path=/Users/Mac/Library/Java/Extensions:/Library/Java/Extensions:/Network/Library/Java/Extensions:/System/Library/Java/Extensions:/usr/lib/java:., surefire.test.class.path=/Users/Mac/Desktop/Sunflower-Cup-Competition-Reporting-System/demo/target/test-classes:/Users/Mac/Desktop/Sunflower-Cup-Competition-Reporting-System/demo/target/classes:/Users/Mac/.m2/repository/org/springframework/boot/spring-boot-starter-aop/1.5.19.RELEASE/spring-boot-starter-aop-1.5.19.RELEASE.jar:/Users/Mac/.m2/repository/org/springframework/boot/spring-boot-starter/1.5.19.RELEASE/spring-boot-starter-1.5.19.RELEASE.jar:/Users/Mac/.m2/repository/org/springframework/boot/spring-boot-starter-logging/1.5.19.RELEASE/spring-boot-starter-logging-1.5.19.RELEASE.jar:/Users/Mac/.m2/repository/ch/qos/logback/logback-classic/1.1.11/logback-classic-1.1.11.jar:/Users/Mac/.m2/repository/ch/qos/logback/logback-core/1.1.11/logback-core-1.1.11.jar:/Users/Mac/.m2/repository/org/slf4j/jcl-over-slf4j/1.7.25/jcl-over-slf4j-1.7.25.jar:/Users/Mac/.m2/repository/org/slf4j/jul-to-slf4j/1.7.25/jul-to-slf4j-1.7.25.jar:/Users/Mac/.m2/repository/org/slf4j/log4j-over-slf4j/1.7.25/log4j-over-slf4j-1.7.25.jar:/Users/Mac/.m2/repository/org/yaml/snakeyaml/1.17/snakeyaml-1.17.jar:/Users/Mac/.m2/repository/org/springframework/spring-aop/4.3.22.RELEASE/spring-aop-4.3.22.RELEASE.jar:/Users/Mac/.m2/repository/org/springframework/spring-beans/4.3.22.RELEASE/spring-beans-4.3.22.RELEASE.jar:/Users/Mac/.m2/repository/org/aspectj/aspectjweaver/1.8.13/aspectjweaver-1.8.13.jar:/Users/Mac/.m2/repository/org/springframework/boot/spring-boot-starter-freemarker/1.5.19.RELEASE/spring-boot-starter-freemarker-1.5.19.RELEASE.jar:/Users/Mac/.m2/repository/org/freemarker/freemarker/2.3.28/freemarker-2.3.28.jar:/Users/Mac/.m2/repository/org/springframework/spring-context-support/4.3.22.RELEASE/spring-context-support-4.3.22.RELEASE.jar:/Users/Mac/.m2/repository/org/springframework/spring-context/4.3.22.RELEASE/spring-context-4.3.22.RELEASE.jar:/Users/Mac/.m2/repository/com/alibaba/fastjson/1.2.13/fastjson-1.2.13.jar:/Users/Mac/.m2/repository/org/springframework/boot/spring-boot-starter-web/1.5.19.RELEASE/spring-boot-starter-web-1.5.19.RELEASE.jar:/Users/Mac/.m2/repository/org/springframework/boot/spring-boot-starter-tomcat/1.5.19.RELEASE/spring-boot-starter-tomcat-1.5.19.RELEASE.jar:/Users/Mac/.m2/repository/org/apache/tomcat/embed/tomcat-embed-core/8.5.37/tomcat-embed-core-8.5.37.jar:/Users/Mac/.m2/repository/org/apache/tomcat/tomcat-annotations-api/8.5.37/tomcat-annotations-api-8.5.37.jar:/Users/Mac/.m2/repository/org/apache/tomcat/embed/tomcat-embed-el/8.5.37/tomcat-embed-el-8.5.37.jar:/Users/Mac/.m2/repository/org/apache/tomcat/embed/tomcat-embed-websocket/8.5.37/tomcat-embed-websocket-8.5.37.jar:/Users/Mac/.m2/repository/org/hibernate/hibernate-validator/5.3.6.Final/hibernate-validator-5.3.6.Final.jar:/Users/Mac/.m2/repository/javax/validation/validation-api/1.1.0.Final/validation-api-1.1.0.Final.jar:/Users/Mac/.m2/repository/org/jboss/logging/jboss-logging/3.3.2.Final/jboss-logging-3.3.2.Final.jar:/Users/Mac/.m2/repository/com/fasterxml/classmate/1.3.4/classmate-1.3.4.jar:/Users/Mac/.m2/repository/com/fasterxml/jackson/core/jackson-databind/2.8.11.3/jackson-databind-2.8.11.3.jar:/Users/Mac/.m2/repository/com/fasterxml/jackson/core/jackson-annotations/2.8.0/jackson-annotations-2.8.0.jar:/Users/Mac/.m2/repository/com/fasterxml/jackson/core/jackson-core/2.8.11/jackson-core-2.8.11.jar:/Users/Mac/.m2/repository/org/springframework/spring-web/4.3.22.RELEASE/spring-web-4.3.22.RELEASE.jar:/Users/Mac/.m2/repository/org/springframework/spring-webmvc/4.3.22.RELEASE/spring-webmvc-4.3.22.RELEASE.jar:/Users/Mac/.m2/repository/org/springframework/spring-expression/4.3.22.RELEASE/spring-expression-4.3.22.RELEASE.jar:/Users/Mac/.m2/repository/org/mybatis/spring/boot/mybatis-spring-boot-starter/1.1.1/mybatis-spring-boot-starter-1.1.1.jar:/Users/Mac/.m2/repository/org/mybatis/spring/boot/mybatis-spring-boot-autoconfigure/1.1.1/mybatis-spring-boot-autoconfigure-1.1.1.jar:/Users/Mac/.m2/repository/org/mybatis/mybatis/3.4.0/mybatis-3.4.0.jar:/Users/Mac/.m2/repository/org/mybatis/mybatis-spring/1.3.0/mybatis-spring-1.3.0.jar:/Users/Mac/.m2/repository/org/springframework/boot/spring-boot-starter-jdbc/1.5.19.RELEASE/spring-boot-starter-jdbc-1.5.19.RELEASE.jar:/Users/Mac/.m2/repository/org/apache/tomcat/tomcat-jdbc/8.5.37/tomcat-jdbc-8.5.37.jar:/Users/Mac/.m2/repository/org/apache/tomcat/tomcat-juli/8.5.37/tomcat-juli-8.5.37.jar:/Users/Mac/.m2/repository/org/springframework/spring-jdbc/4.3.22.RELEASE/spring-jdbc-4.3.22.RELEASE.jar:/Users/Mac/.m2/repository/org/springframework/spring-tx/4.3.22.RELEASE/spring-tx-4.3.22.RELEASE.jar:/Users/Mac/.m2/repository/mysql/mysql-connector-java/5.1.47/mysql-connector-java-5.1.47.jar:/Users/Mac/.m2/repository/org/springframework/boot/spring-boot-devtools/1.5.19.RELEASE/spring-boot-devtools-1.5.19.RELEASE.jar:/Users/Mac/.m2/repository/org/springframework/boot/spring-boot/1.5.19.RELEASE/spring-boot-1.5.19.RELEASE.jar:/Users/Mac/.m2/repository/org/springframework/boot/spring-boot-autoconfigure/1.5.19.RELEASE/spring-boot-autoconfigure-1.5.19.RELEASE.jar:/Users/Mac/.m2/repository/org/springframework/boot/spring-boot-starter-test/1.5.19.RELEASE/spring-boot-starter-test-1.5.19.RELEASE.jar:/Users/Mac/.m2/repository/org/springframework/boot/spring-boot-test/1.5.19.RELEASE/spring-boot-test-1.5.19.RELEASE.jar:/Users/Mac/.m2/repository/org/springframework/boot/spring-boot-test-autoconfigure/1.5.19.RELEASE/spring-boot-test-autoconfigure-1.5.19.RELEASE.jar:/Users/Mac/.m2/repository/com/jayway/jsonpath/json-path/2.2.0/json-path-2.2.0.jar:/Users/Mac/.m2/repository/net/minidev/json-smart/2.2.1/json-smart-2.2.1.jar:/Users/Mac/.m2/repository/net/minidev/accessors-smart/1.1/accessors-smart-1.1.jar:/Users/Mac/.m2/repository/org/ow2/asm/asm/5.0.3/asm-5.0.3.jar:/Users/Mac/.m2/repository/org/slf4j/slf4j-api/1.7.25/slf4j-api-1.7.25.jar:/Users/Mac/.m2/repository/junit/junit/4.12/junit-4.12.jar:/Users/Mac/.m2/repository/org/assertj/assertj-core/2.6.0/assertj-core-2.6.0.jar:/Users/Mac/.m2/repository/org/mockito/mockito-core/1.10.19/mockito-core-1.10.19.jar:/Users/Mac/.m2/repository/org/objenesis/objenesis/2.1/objenesis-2.1.jar:/Users/Mac/.m2/repository/org/hamcrest/hamcrest-core/1.3/hamcrest-core-1.3.jar:/Users/Mac/.m2/repository/org/hamcrest/hamcrest-library/1.3/hamcrest-library-1.3.jar:/Users/Mac/.m2/repository/org/skyscreamer/jsonassert/1.4.0/jsonassert-1.4.0.jar:/Users/Mac/.m2/repository/com/vaadin/external/google/android-json/0.0.20131108.vaadin1/android-json-0.0.20131108.vaadin1.jar:/Users/Mac/.m2/repository/org/springframework/spring-core/4.3.22.RELEASE/spring-core-4.3.22.RELEASE.jar:/Users/Mac/.m2/repository/org/springframework/spring-test/4.3.22.RELEASE/spring-test-4.3.22.RELEASE.jar:/Users/Mac/.m2/repository/com/itextpdf/itextpdf/5.4.3/itextpdf-5.4.3.jar:/Users/Mac/.m2/repository/com/itextpdf/itext-asian/5.2.0/itext-asian-5.2.0.jar:, java.specification.name=Java Platform API Specification, java.class.version=52.0, sun.management.compiler=HotSpot 64-Bit Tiered Compilers, os.version=10.14.5, http.nonProxyHosts=local|*.local|169.254/16|*.169.254/16, user.home=/Users/Mac, user.timezone=Asia/Shanghai, java.awt.printerjob=sun.lwawt.macosx.CPrinterJob, file.encoding=UTF-8, java.specification.version=1.8, java.class.path=/Users/Mac/Desktop/Sunflower-Cup-Competition-Reporting-System/demo/target/test-classes:/Users/Mac/Desktop/Sunflower-Cup-Competition-Reporting-System/demo/target/classes:/Users/Mac/.m2/repository/org/springframework/boot/spring-boot-starter-aop/1.5.19.RELEASE/spring-boot-starter-aop-1.5.19.RELEASE.jar:/Users/Mac/.m2/repository/org/springframework/boot/spring-boot-starter/1.5.19.RELEASE/spring-boot-starter-1.5.19.RELEASE.jar:/Users/Mac/.m2/repository/org/springframework/boot/spring-boot-starter-logging/1.5.19.RELEASE/spring-boot-starter-logging-1.5.19.RELEASE.jar:/Users/Mac/.m2/repository/ch/qos/logback/logback-classic/1.1.11/logback-classic-1.1.11.jar:/Users/Mac/.m2/repository/ch/qos/logback/logback-core/1.1.11/logback-core-1.1.11.jar:/Users/Mac/.m2/repository/org/slf4j/jcl-over-slf4j/1.7.25/jcl-over-slf4j-1.7.25.jar:/Users/Mac/.m2/repository/org/slf4j/jul-to-slf4j/1.7.25/jul-to-slf4j-1.7.25.jar:/Users/Mac/.m2/repository/org/slf4j/log4j-over-slf4j/1.7.25/log4j-over-slf4j-1.7.25.jar:/Users/Mac/.m2/repository/org/yaml/snakeyaml/1.17/snakeyaml-1.17.jar:/Users/Mac/.m2/repository/org/springframework/spring-aop/4.3.22.RELEASE/spring-aop-4.3.22.RELEASE.jar:/Users/Mac/.m2/repository/org/springframework/spring-beans/4.3.22.RELEASE/spring-beans-4.3.22.RELEASE.jar:/Users/Mac/.m2/repository/org/aspectj/aspectjweaver/1.8.13/aspectjweaver-1.8.13.jar:/Users/Mac/.m2/repository/org/springframework/boot/spring-boot-starter-freemarker/1.5.19.RELEASE/spring-boot-starter-freemarker-1.5.19.RELEASE.jar:/Users/Mac/.m2/repository/org/freemarker/freemarker/2.3.28/freemarker-2.3.28.jar:/Users/Mac/.m2/repository/org/springframework/spring-context-support/4.3.22.RELEASE/spring-context-support-4.3.22.RELEASE.jar:/Users/Mac/.m2/repository/org/springframework/spring-context/4.3.22.RELEASE/spring-context-4.3.22.RELEASE.jar:/Users/Mac/.m2/repository/com/alibaba/fastjson/1.2.13/fastjson-1.2.13.jar:/Users/Mac/.m2/repository/org/springframework/boot/spring-boot-starter-web/1.5.19.RELEASE/spring-boot-starter-web-1.5.19.RELEASE.jar:/Users/Mac/.m2/repository/org/springframework/boot/spring-boot-starter-tomcat/1.5.19.RELEASE/spring-boot-starter-tomcat-1.5.19.RELEASE.jar:/Users/Mac/.m2/repository/org/apache/tomcat/embed/tomcat-embed-core/8.5.37/tomcat-embed-core-8.5.37.jar:/Users/Mac/.m2/repository/org/apache/tomcat/tomcat-annotations-api/8.5.37/tomcat-annotations-api-8.5.37.jar:/Users/Mac/.m2/repository/org/apache/tomcat/embed/tomcat-embed-el/8.5.37/tomcat-embed-el-8.5.37.jar:/Users/Mac/.m2/repository/org/apache/tomcat/embed/tomcat-embed-websocket/8.5.37/tomcat-embed-websocket-8.5.37.jar:/Users/Mac/.m2/repository/org/hibernate/hibernate-validator/5.3.6.Final/hibernate-validator-5.3.6.Final.jar:/Users/Mac/.m2/repository/javax/validation/validation-api/1.1.0.Final/validation-api-1.1.0.Final.jar:/Users/Mac/.m2/repository/org/jboss/logging/jboss-logging/3.3.2.Final/jboss-logging-3.3.2.Final.jar:/Users/Mac/.m2/repository/com/fasterxml/classmate/1.3.4/classmate-1.3.4.jar:/Users/Mac/.m2/repository/com/fasterxml/jackson/core/jackson-databind/2.8.11.3/jackson-databind-2.8.11.3.jar:/Users/Mac/.m2/repository/com/fasterxml/jackson/core/jackson-annotations/2.8.0/jackson-annotations-2.8.0.jar:/Users/Mac/.m2/repository/com/fasterxml/jackson/core/jackson-core/2.8.11/jackson-core-2.8.11.jar:/Users/Mac/.m2/repository/org/springframework/spring-web/4.3.22.RELEASE/spring-web-4.3.22.RELEASE.jar:/Users/Mac/.m2/repository/org/springframework/spring-webmvc/4.3.22.RELEASE/spring-webmvc-4.3.22.RELEASE.jar:/Users/Mac/.m2/repository/org/springframework/spring-expression/4.3.22.RELEASE/spring-expression-4.3.22.RELEASE.jar:/Users/Mac/.m2/repository/org/mybatis/spring/boot/mybatis-spring-boot-starter/1.1.1/mybatis-spring-boot-starter-1.1.1.jar:/Users/Mac/.m2/repository/org/mybatis/spring/boot/mybatis-spring-boot-autoconfigure/1.1.1/mybatis-spring-boot-autoconfigure-1.1.1.jar:/Users/Mac/.m2/repository/org/mybatis/mybatis/3.4.0/mybatis-3.4.0.jar:/Users/Mac/.m2/repository/org/mybatis/mybatis-spring/1.3.0/mybatis-spring-1.3.0.jar:/Users/Mac/.m2/repository/org/springframework/boot/spring-boot-starter-jdbc/1.5.19.RELEASE/spring-boot-starter-jdbc-1.5.19.RELEASE.jar:/Users/Mac/.m2/repository/org/apache/tomcat/tomcat-jdbc/8.5.37/tomcat-jdbc-8.5.37.jar:/Users/Mac/.m2/repository/org/apache/tomcat/tomcat-juli/8.5.37/tomcat-juli-8.5.37.jar:/Users/Mac/.m2/repository/org/springframework/spring-jdbc/4.3.22.RELEASE/spring-jdbc-4.3.22.RELEASE.jar:/Users/Mac/.m2/repository/org/springframework/spring-tx/4.3.22.RELEASE/spring-tx-4.3.22.RELEASE.jar:/Users/Mac/.m2/repository/mysql/mysql-connector-java/5.1.47/mysql-connector-java-5.1.47.jar:/Users/Mac/.m2/repository/org/springframework/boot/spring-boot-devtools/1.5.19.RELEASE/spring-boot-devtools-1.5.19.RELEASE.jar:/Users/Mac/.m2/repository/org/springframework/boot/spring-boot/1.5.19.RELEASE/spring-boot-1.5.19.RELEASE.jar:/Users/Mac/.m2/repository/org/springframework/boot/spring-boot-autoconfigure/1.5.19.RELEASE/spring-boot-autoconfigure-1.5.19.RELEASE.jar:/Users/Mac/.m2/repository/org/springframework/boot/spring-boot-starter-test/1.5.19.RELEASE/spring-boot-starter-test-1.5.19.RELEASE.jar:/Users/Mac/.m2/repository/org/springframework/boot/spring-boot-test/1.5.19.RELEASE/spring-boot-test-1.5.19.RELEASE.jar:/Users/Mac/.m2/repository/org/springframework/boot/spring-boot-test-autoconfigure/1.5.19.RELEASE/spring-boot-test-autoconfigure-1.5.19.RELEASE.jar:/Users/Mac/.m2/repository/com/jayway/jsonpath/json-path/2.2.0/json-path-2.2.0.jar:/Users/Mac/.m2/repository/net/minidev/json-smart/2.2.1/json-smart-2.2.1.jar:/Users/Mac/.m2/repository/net/minidev/accessors-smart/1.1/accessors-smart-1.1.jar:/Users/Mac/.m2/repository/org/ow2/asm/asm/5.0.3/asm-5.0.3.jar:/Users/Mac/.m2/repository/org/slf4j/slf4j-api/1.7.25/slf4j-api-1.7.25.jar:/Users/Mac/.m2/repository/junit/junit/4.12/junit-4.12.jar:/Users/Mac/.m2/repository/org/assertj/assertj-core/2.6.0/assertj-core-2.6.0.jar:/Users/Mac/.m2/repository/org/mockito/mockito-core/1.10.19/mockito-core-1.10.19.jar:/Users/Mac/.m2/repository/org/objenesis/objenesis/2.1/objenesis-2.1.jar:/Users/Mac/.m2/repository/org/hamcrest/hamcrest-core/1.3/hamcrest-core-1.3.jar:/Users/Mac/.m2/repository/org/hamcrest/hamcrest-library/1.3/hamcrest-library-1.3.jar:/Users/Mac/.m2/repository/org/skyscreamer/jsonassert/1.4.0/jsonassert-1.4.0.jar:/Users/Mac/.m2/repository/com/vaadin/external/google/android-json/0.0.20131108.vaadin1/android-json-0.0.20131108.vaadin1.jar:/Users/Mac/.m2/repository/org/springframework/spring-core/4.3.22.RELEASE/spring-core-4.3.22.RELEASE.jar:/Users/Mac/.m2/repository/org/springframework/spring-test/4.3.22.RELEASE/spring-test-4.3.22.RELEASE.jar:/Users/Mac/.m2/repository/com/itextpdf/itextpdf/5.4.3/itextpdf-5.4.3.jar:/Users/Mac/.m2/repository/com/itextpdf/itext-asian/5.2.0/itext-asian-5.2.0.jar:, user.name=JeremyLi, java.vm.specification.version=1.8, sun.java.command=/Users/Mac/Desktop/Sunflower-Cup-Competition-Reporting-System/demo/target/surefire/surefirebooter5387001240069492201.jar /Users/Mac/Desktop/Sunflower-Cup-Competition-Reporting-System/demo/target/surefire/surefire5791225318564671829tmp /Users/Mac/Desktop/Sunflower-Cup-Competition-Reporting-System/demo/target/surefire/surefire_06406640244128284257tmp, java.home=/Library/Java/JavaVirtualMachines/jdk1.8.0_211.jdk/Contents/Home/jre, sun.arch.data.model=64, user.language=zh, java.specification.vendor=Oracle Corporation, idea.version2019.1.3=true, awt.toolkit=sun.lwawt.macosx.LWCToolkit, java.vm.info=mixed mode, java.version=1.8.0_211, java.ext.dirs=/Users/Mac/Library/Java/Extensions:/Library/Java/JavaVirtualMachines/jdk1.8.0_211.jdk/Contents/Home/jre/lib/ext:/Library/Java/Extensions:/Network/Library/Java/Extensions:/System/Library/Java/Extensions:/usr/lib/java, sun.boot.class.path=/Library/Java/JavaVirtualMachines/jdk1.8.0_211.jdk/Contents/Home/jre/lib/resources.jar:/Library/Java/JavaVirtualMachines/jdk1.8.0_211.jdk/Contents/Home/jre/lib/rt.jar:/Library/Java/JavaVirtualMachines/jdk1.8.0_211.jdk/Contents/Home/jre/lib/sunrsasign.jar:/Library/Java/JavaVirtualMachines/jdk1.8.0_211.jdk/Contents/Home/jre/lib/jsse.jar:/Library/Java/JavaVirtualMachines/jdk1.8.0_211.jdk/Contents/Home/jre/lib/jce.jar:/Library/Java/JavaVirtualMachines/jdk1.8.0_211.jdk/Contents/Home/jre/lib/charsets.jar:/Library/Java/JavaVirtualMachines/jdk1.8.0_211.jdk/Contents/Home/jre/lib/jfr.jar:/Library/Java/JavaVirtualMachines/jdk1.8.0_211.jdk/Contents/Home/jre/classes, java.vendor=Oracle Corporation, localRepository=/Users/Mac/.m2/repository, file.separator=/, java.vendor.url.bug=http://bugreport.sun.com/bugreport/, sun.io.unicode.encoding=UnicodeBig, sun.cpu.endian=little, socksNonProxyHosts=local|*.local|169.254/16|*.169.254/16, ftp.nonProxyHosts=local|*.local|169.254/16|*.169.254/16, sun.cpu.isalist=}}, SystemEnvironmentPropertySource@135184888 {name='systemEnvironment', properties={PATH=/usr/bin:/bin:/usr/sbin:/sbin, SHELL=/bin/bash, OLDPWD=/Users/Mac/Desktop/Sunflower-Cup-Competition-Reporting-System/demo, USER=JeremyLi, TMPDIR=/var/folders/48/p0kxxyqx47jg34mpd_2d9lwr0000gn/T/, JAVA_MAIN_CLASS_3519=org.codehaus.classworlds.Launcher, SSH_AUTH_SOCK=/private/tmp/com.apple.launchd.V5arDhFjjO/Listeners, XPC_FLAGS=0x0, JAVA_MAIN_CLASS_3522=org.apache.maven.surefire.booter.ForkedBooter, __CF_USER_TEXT_ENCODING=0x1F5:0x19:0x34, Apple_PubSub_Socket_Render=/private/tmp/com.apple.launchd.KHdUvAQ3O2/Render, LOGNAME=JeremyLi, XPC_SERVICE_NAME=0, PWD=/Users/Mac/Desktop/Sunflower-Cup-Competition-Reporting-System/demo, HOME=/Users/Mac, SHLVL=1, _=/Library/Java/JavaVirtualMachines/jdk1.8.0_211.jdk/Contents/Home/jre/bin/java}}]
18:15:37.056 [main] INFO org.springframework.boot.test.context.SpringBootTestContextBootstrapper - Found @SpringBootConfiguration com.sumflower.demo.DemoApplication for test class com.sumflower.demo.DemoApplicationTests
18:15:37.063 [main] DEBUG org.springframework.boot.test.context.SpringBootTestContextBootstrapper - @TestExecutionListeners is not present for class [com.sumflower.demo.DemoApplicationTests]: using defaults.
18:15:37.068 [main] INFO org.springframework.boot.test.context.SpringBootTestContextBootstrapper - Loaded default TestExecutionListener class names from location [META-INF/spring.factories]: [org.springframework.boot.test.mock.mockito.MockitoTestExecutionListener, org.springframework.boot.test.mock.mockito.ResetMocksTestExecutionListener, org.springframework.boot.test.autoconfigure.restdocs.RestDocsTestExecutionListener, org.springframework.boot.test.autoconfigure.web.client.MockRestServiceServerResetTestExecutionListener, org.springframework.boot.test.autoconfigure.web.servlet.MockMvcPrintOnlyOnFailureTestExecutionListener, org.springframework.boot.test.autoconfigure.web.servlet.WebDriverTestExecutionListener, org.springframework.test.context.web.ServletTestExecutionListener, org.springframework.test.context.support.DirtiesContextBeforeModesTestExecutionListener, org.springframework.test.context.support.DependencyInjectionTestExecutionListener, org.springframework.test.context.support.DirtiesContextTestExecutionListener, org.springframework.test.context.transaction.TransactionalTestExecutionListener, org.springframework.test.context.jdbc.SqlScriptsTestExecutionListener]
18:15:37.072 [main] INFO org.springframework.boot.test.context.SpringBootTestContextBootstrapper - Using TestExecutionListeners: [org.springframework.test.context.web.ServletTestExecutionListener@525b461a, org.springframework.test.context.support.DirtiesContextBeforeModesTestExecutionListener@58c1c010, org.springframework.boot.test.mock.mockito.MockitoTestExecutionListener@b7f23d9, org.springframework.boot.test.autoconfigure.SpringBootDependencyInjectionTestExecutionListener@61d47554, org.springframework.test.context.support.DirtiesContextTestExecutionListener@69b794e2, org.springframework.test.context.transaction.TransactionalTestExecutionListener@3f200884, org.springframework.test.context.jdbc.SqlScriptsTestExecutionListener@4d339552, org.springframework.boot.test.mock.mockito.ResetMocksTestExecutionListener@f0f2775, org.springframework.boot.test.autoconfigure.restdocs.RestDocsTestExecutionListener@5a4aa2f2, org.springframework.boot.test.autoconfigure.web.client.MockRestServiceServerResetTestExecutionListener@6591f517, org.springframework.boot.test.autoconfigure.web.servlet.MockMvcPrintOnlyOnFailureTestExecutionListener@345965f2, org.springframework.boot.test.autoconfigure.web.servlet.WebDriverTestExecutionListener@429bd883]
18:15:37.072 [main] DEBUG org.springframework.test.annotation.ProfileValueUtils - Retrieved @ProfileValueSourceConfiguration [null] for test class [com.sumflower.demo.DemoApplicationTests]
18:15:37.073 [main] DEBUG org.springframework.test.annotation.ProfileValueUtils - Retrieved ProfileValueSource type [class org.springframework.test.annotation.SystemProfileValueSource] for class [com.sumflower.demo.DemoApplicationTests]
18:15:37.075 [main] DEBUG org.springframework.test.annotation.ProfileValueUtils - Retrieved @ProfileValueSourceConfiguration [null] for test class [com.sumflower.demo.DemoApplicationTests]
18:15:37.075 [main] DEBUG org.springframework.test.annotation.ProfileValueUtils - Retrieved ProfileValueSource type [class org.springframework.test.annotation.SystemProfileValueSource] for class [com.sumflower.demo.DemoApplicationTests]
18:15:37.086 [main] DEBUG org.springframework.test.context.support.AbstractDirtiesContextTestExecutionListener - Before test class: context [DefaultTestContext@971d0d8 testClass = DemoApplicationTests, testInstance = [null], testMethod = [null], testException = [null], mergedContextConfiguration = [WebMergedContextConfiguration@51931956 testClass = DemoApplicationTests, locations = '{}', classes = '{class com.sumflower.demo.DemoApplication}', contextInitializerClasses = '[]', activeProfiles = '{}', propertySourceLocations = '{}', propertySourceProperties = '{org.springframework.boot.test.context.SpringBootTestContextBootstrapper=true}', contextCustomizers = set[org.springframework.boot.test.context.SpringBootTestContextCustomizer@52a86356, org.springframework.boot.test.context.filter.ExcludeFilterContextCustomizer@5ec0a365, org.springframework.boot.test.json.DuplicateJsonObjectContextCustomizerFactory$DuplicateJsonObjectContextCustomizer@2ac273d3, org.springframework.boot.test.mock.mockito.MockitoContextCustomizer@0, org.springframework.boot.test.autoconfigure.properties.PropertyMappingContextCustomizer@0, org.springframework.boot.test.autoconfigure.web.servlet.WebDriverContextCustomizerFactory$Customizer@4f970963], resourceBasePath = 'src/main/webapp', contextLoader = 'org.springframework.boot.test.context.SpringBootContextLoader', parent = [null]]], class annotated with @DirtiesContext [false] with mode [null].
18:15:37.088 [main] DEBUG org.springframework.test.annotation.ProfileValueUtils - Retrieved @ProfileValueSourceConfiguration [null] for test class [com.sumflower.demo.DemoApplicationTests]
18:15:37.090 [main] DEBUG org.springframework.test.annotation.ProfileValueUtils - Retrieved ProfileValueSource type [class org.springframework.test.annotation.SystemProfileValueSource] for class [com.sumflower.demo.DemoApplicationTests]
18:15:37.255 [main] DEBUG org.springframework.core.env.StandardEnvironment - Adding PropertySource 'systemProperties' with lowest search precedence
18:15:37.256 [main] DEBUG org.springframework.core.env.StandardEnvironment - Adding PropertySource 'systemEnvironment' with lowest search precedence
18:15:37.256 [main] DEBUG org.springframework.core.env.StandardEnvironment - Initialized StandardEnvironment with PropertySources [MapPropertySource@454325163 {name='systemProperties', properties={java.runtime.name=Java(TM) SE Runtime Environment, sun.boot.library.path=/Library/Java/JavaVirtualMachines/jdk1.8.0_211.jdk/Contents/Home/jre/lib, java.vm.version=25.211-b12, gopherProxySet=false, java.vm.vendor=Oracle Corporation, java.vendor.url=http://java.oracle.com/, path.separator=:, java.vm.name=Java HotSpot(TM) 64-Bit Server VM, file.encoding.pkg=sun.io, user.country=CN, sun.java.launcher=SUN_STANDARD, sun.os.patch.level=unknown, java.vm.specification.name=Java Virtual Machine Specification, user.dir=/Users/Mac/Desktop/Sunflower-Cup-Competition-Reporting-System/demo, java.runtime.version=1.8.0_211-b12, basedir=/Users/Mac/Desktop/Sunflower-Cup-Competition-Reporting-System/demo, java.awt.graphicsenv=sun.awt.CGraphicsEnvironment, java.endorsed.dirs=/Library/Java/JavaVirtualMachines/jdk1.8.0_211.jdk/Contents/Home/jre/lib/endorsed, os.arch=x86_64, surefire.real.class.path=/Users/Mac/Desktop/Sunflower-Cup-Competition-Reporting-System/demo/target/surefire/surefirebooter5387001240069492201.jar, java.io.tmpdir=/var/folders/48/p0kxxyqx47jg34mpd_2d9lwr0000gn/T/, line.separator=
, java.vm.specification.vendor=Oracle Corporation, os.name=Mac OS X, sun.jnu.encoding=UTF-8, java.library.path=/Users/Mac/Library/Java/Extensions:/Library/Java/Extensions:/Network/Library/Java/Extensions:/System/Library/Java/Extensions:/usr/lib/java:., surefire.test.class.path=/Users/Mac/Desktop/Sunflower-Cup-Competition-Reporting-System/demo/target/test-classes:/Users/Mac/Desktop/Sunflower-Cup-Competition-Reporting-System/demo/target/classes:/Users/Mac/.m2/repository/org/springframework/boot/spring-boot-starter-aop/1.5.19.RELEASE/spring-boot-starter-aop-1.5.19.RELEASE.jar:/Users/Mac/.m2/repository/org/springframework/boot/spring-boot-starter/1.5.19.RELEASE/spring-boot-starter-1.5.19.RELEASE.jar:/Users/Mac/.m2/repository/org/springframework/boot/spring-boot-starter-logging/1.5.19.RELEASE/spring-boot-starter-logging-1.5.19.RELEASE.jar:/Users/Mac/.m2/repository/ch/qos/logback/logback-classic/1.1.11/logback-classic-1.1.11.jar:/Users/Mac/.m2/repository/ch/qos/logback/logback-core/1.1.11/logback-core-1.1.11.jar:/Users/Mac/.m2/repository/org/slf4j/jcl-over-slf4j/1.7.25/jcl-over-slf4j-1.7.25.jar:/Users/Mac/.m2/repository/org/slf4j/jul-to-slf4j/1.7.25/jul-to-slf4j-1.7.25.jar:/Users/Mac/.m2/repository/org/slf4j/log4j-over-slf4j/1.7.25/log4j-over-slf4j-1.7.25.jar:/Users/Mac/.m2/repository/org/yaml/snakeyaml/1.17/snakeyaml-1.17.jar:/Users/Mac/.m2/repository/org/springframework/spring-aop/4.3.22.RELEASE/spring-aop-4.3.22.RELEASE.jar:/Users/Mac/.m2/repository/org/springframework/spring-beans/4.3.22.RELEASE/spring-beans-4.3.22.RELEASE.jar:/Users/Mac/.m2/repository/org/aspectj/aspectjweaver/1.8.13/aspectjweaver-1.8.13.jar:/Users/Mac/.m2/repository/org/springframework/boot/spring-boot-starter-freemarker/1.5.19.RELEASE/spring-boot-starter-freemarker-1.5.19.RELEASE.jar:/Users/Mac/.m2/repository/org/freemarker/freemarker/2.3.28/freemarker-2.3.28.jar:/Users/Mac/.m2/repository/org/springframework/spring-context-support/4.3.22.RELEASE/spring-context-support-4.3.22.RELEASE.jar:/Users/Mac/.m2/repository/org/springframework/spring-context/4.3.22.RELEASE/spring-context-4.3.22.RELEASE.jar:/Users/Mac/.m2/repository/com/alibaba/fastjson/1.2.13/fastjson-1.2.13.jar:/Users/Mac/.m2/repository/org/springframework/boot/spring-boot-starter-web/1.5.19.RELEASE/spring-boot-starter-web-1.5.19.RELEASE.jar:/Users/Mac/.m2/repository/org/springframework/boot/spring-boot-starter-tomcat/1.5.19.RELEASE/spring-boot-starter-tomcat-1.5.19.RELEASE.jar:/Users/Mac/.m2/repository/org/apache/tomcat/embed/tomcat-embed-core/8.5.37/tomcat-embed-core-8.5.37.jar:/Users/Mac/.m2/repository/org/apache/tomcat/tomcat-annotations-api/8.5.37/tomcat-annotations-api-8.5.37.jar:/Users/Mac/.m2/repository/org/apache/tomcat/embed/tomcat-embed-el/8.5.37/tomcat-embed-el-8.5.37.jar:/Users/Mac/.m2/repository/org/apache/tomcat/embed/tomcat-embed-websocket/8.5.37/tomcat-embed-websocket-8.5.37.jar:/Users/Mac/.m2/repository/org/hibernate/hibernate-validator/5.3.6.Final/hibernate-validator-5.3.6.Final.jar:/Users/Mac/.m2/repository/javax/validation/validation-api/1.1.0.Final/validation-api-1.1.0.Final.jar:/Users/Mac/.m2/repository/org/jboss/logging/jboss-logging/3.3.2.Final/jboss-logging-3.3.2.Final.jar:/Users/Mac/.m2/repository/com/fasterxml/classmate/1.3.4/classmate-1.3.4.jar:/Users/Mac/.m2/repository/com/fasterxml/jackson/core/jackson-databind/2.8.11.3/jackson-databind-2.8.11.3.jar:/Users/Mac/.m2/repository/com/fasterxml/jackson/core/jackson-annotations/2.8.0/jackson-annotations-2.8.0.jar:/Users/Mac/.m2/repository/com/fasterxml/jackson/core/jackson-core/2.8.11/jackson-core-2.8.11.jar:/Users/Mac/.m2/repository/org/springframework/spring-web/4.3.22.RELEASE/spring-web-4.3.22.RELEASE.jar:/Users/Mac/.m2/repository/org/springframework/spring-webmvc/4.3.22.RELEASE/spring-webmvc-4.3.22.RELEASE.jar:/Users/Mac/.m2/repository/org/springframework/spring-expression/4.3.22.RELEASE/spring-expression-4.3.22.RELEASE.jar:/Users/Mac/.m2/repository/org/mybatis/spring/boot/mybatis-spring-boot-starter/1.1.1/mybatis-spring-boot-starter-1.1.1.jar:/Users/Mac/.m2/repository/org/mybatis/spring/boot/mybatis-spring-boot-autoconfigure/1.1.1/mybatis-spring-boot-autoconfigure-1.1.1.jar:/Users/Mac/.m2/repository/org/mybatis/mybatis/3.4.0/mybatis-3.4.0.jar:/Users/Mac/.m2/repository/org/mybatis/mybatis-spring/1.3.0/mybatis-spring-1.3.0.jar:/Users/Mac/.m2/repository/org/springframework/boot/spring-boot-starter-jdbc/1.5.19.RELEASE/spring-boot-starter-jdbc-1.5.19.RELEASE.jar:/Users/Mac/.m2/repository/org/apache/tomcat/tomcat-jdbc/8.5.37/tomcat-jdbc-8.5.37.jar:/Users/Mac/.m2/repository/org/apache/tomcat/tomcat-juli/8.5.37/tomcat-juli-8.5.37.jar:/Users/Mac/.m2/repository/org/springframework/spring-jdbc/4.3.22.RELEASE/spring-jdbc-4.3.22.RELEASE.jar:/Users/Mac/.m2/repository/org/springframework/spring-tx/4.3.22.RELEASE/spring-tx-4.3.22.RELEASE.jar:/Users/Mac/.m2/repository/mysql/mysql-connector-java/5.1.47/mysql-connector-java-5.1.47.jar:/Users/Mac/.m2/repository/org/springframework/boot/spring-boot-devtools/1.5.19.RELEASE/spring-boot-devtools-1.5.19.RELEASE.jar:/Users/Mac/.m2/repository/org/springframework/boot/spring-boot/1.5.19.RELEASE/spring-boot-1.5.19.RELEASE.jar:/Users/Mac/.m2/repository/org/springframework/boot/spring-boot-autoconfigure/1.5.19.RELEASE/spring-boot-autoconfigure-1.5.19.RELEASE.jar:/Users/Mac/.m2/repository/org/springframework/boot/spring-boot-starter-test/1.5.19.RELEASE/spring-boot-starter-test-1.5.19.RELEASE.jar:/Users/Mac/.m2/repository/org/springframework/boot/spring-boot-test/1.5.19.RELEASE/spring-boot-test-1.5.19.RELEASE.jar:/Users/Mac/.m2/repository/org/springframework/boot/spring-boot-test-autoconfigure/1.5.19.RELEASE/spring-boot-test-autoconfigure-1.5.19.RELEASE.jar:/Users/Mac/.m2/repository/com/jayway/jsonpath/json-path/2.2.0/json-path-2.2.0.jar:/Users/Mac/.m2/repository/net/minidev/json-smart/2.2.1/json-smart-2.2.1.jar:/Users/Mac/.m2/repository/net/minidev/accessors-smart/1.1/accessors-smart-1.1.jar:/Users/Mac/.m2/repository/org/ow2/asm/asm/5.0.3/asm-5.0.3.jar:/Users/Mac/.m2/repository/org/slf4j/slf4j-api/1.7.25/slf4j-api-1.7.25.jar:/Users/Mac/.m2/repository/junit/junit/4.12/junit-4.12.jar:/Users/Mac/.m2/repository/org/assertj/assertj-core/2.6.0/assertj-core-2.6.0.jar:/Users/Mac/.m2/repository/org/mockito/mockito-core/1.10.19/mockito-core-1.10.19.jar:/Users/Mac/.m2/repository/org/objenesis/objenesis/2.1/objenesis-2.1.jar:/Users/Mac/.m2/repository/org/hamcrest/hamcrest-core/1.3/hamcrest-core-1.3.jar:/Users/Mac/.m2/repository/org/hamcrest/hamcrest-library/1.3/hamcrest-library-1.3.jar:/Users/Mac/.m2/repository/org/skyscreamer/jsonassert/1.4.0/jsonassert-1.4.0.jar:/Users/Mac/.m2/repository/com/vaadin/external/google/android-json/0.0.20131108.vaadin1/android-json-0.0.20131108.vaadin1.jar:/Users/Mac/.m2/repository/org/springframework/spring-core/4.3.22.RELEASE/spring-core-4.3.22.RELEASE.jar:/Users/Mac/.m2/repository/org/springframework/spring-test/4.3.22.RELEASE/spring-test-4.3.22.RELEASE.jar:/Users/Mac/.m2/repository/com/itextpdf/itextpdf/5.4.3/itextpdf-5.4.3.jar:/Users/Mac/.m2/repository/com/itextpdf/itext-asian/5.2.0/itext-asian-5.2.0.jar:, java.specification.name=Java Platform API Specification, java.class.version=52.0, sun.management.compiler=HotSpot 64-Bit Tiered Compilers, os.version=10.14.5, http.nonProxyHosts=local|*.local|169.254/16|*.169.254/16, user.home=/Users/Mac, user.timezone=Asia/Shanghai, java.awt.printerjob=sun.lwawt.macosx.CPrinterJob, file.encoding=UTF-8, java.specification.version=1.8, java.class.path=/Users/Mac/Desktop/Sunflower-Cup-Competition-Reporting-System/demo/target/test-classes:/Users/Mac/Desktop/Sunflower-Cup-Competition-Reporting-System/demo/target/classes:/Users/Mac/.m2/repository/org/springframework/boot/spring-boot-starter-aop/1.5.19.RELEASE/spring-boot-starter-aop-1.5.19.RELEASE.jar:/Users/Mac/.m2/repository/org/springframework/boot/spring-boot-starter/1.5.19.RELEASE/spring-boot-starter-1.5.19.RELEASE.jar:/Users/Mac/.m2/repository/org/springframework/boot/spring-boot-starter-logging/1.5.19.RELEASE/spring-boot-starter-logging-1.5.19.RELEASE.jar:/Users/Mac/.m2/repository/ch/qos/logback/logback-classic/1.1.11/logback-classic-1.1.11.jar:/Users/Mac/.m2/repository/ch/qos/logback/logback-core/1.1.11/logback-core-1.1.11.jar:/Users/Mac/.m2/repository/org/slf4j/jcl-over-slf4j/1.7.25/jcl-over-slf4j-1.7.25.jar:/Users/Mac/.m2/repository/org/slf4j/jul-to-slf4j/1.7.25/jul-to-slf4j-1.7.25.jar:/Users/Mac/.m2/repository/org/slf4j/log4j-over-slf4j/1.7.25/log4j-over-slf4j-1.7.25.jar:/Users/Mac/.m2/repository/org/yaml/snakeyaml/1.17/snakeyaml-1.17.jar:/Users/Mac/.m2/repository/org/springframework/spring-aop/4.3.22.RELEASE/spring-aop-4.3.22.RELEASE.jar:/Users/Mac/.m2/repository/org/springframework/spring-beans/4.3.22.RELEASE/spring-beans-4.3.22.RELEASE.jar:/Users/Mac/.m2/repository/org/aspectj/aspectjweaver/1.8.13/aspectjweaver-1.8.13.jar:/Users/Mac/.m2/repository/org/springframework/boot/spring-boot-starter-freemarker/1.5.19.RELEASE/spring-boot-starter-freemarker-1.5.19.RELEASE.jar:/Users/Mac/.m2/repository/org/freemarker/freemarker/2.3.28/freemarker-2.3.28.jar:/Users/Mac/.m2/repository/org/springframework/spring-context-support/4.3.22.RELEASE/spring-context-support-4.3.22.RELEASE.jar:/Users/Mac/.m2/repository/org/springframework/spring-context/4.3.22.RELEASE/spring-context-4.3.22.RELEASE.jar:/Users/Mac/.m2/repository/com/alibaba/fastjson/1.2.13/fastjson-1.2.13.jar:/Users/Mac/.m2/repository/org/springframework/boot/spring-boot-starter-web/1.5.19.RELEASE/spring-boot-starter-web-1.5.19.RELEASE.jar:/Users/Mac/.m2/repository/org/springframework/boot/spring-boot-starter-tomcat/1.5.19.RELEASE/spring-boot-starter-tomcat-1.5.19.RELEASE.jar:/Users/Mac/.m2/repository/org/apache/tomcat/embed/tomcat-embed-core/8.5.37/tomcat-embed-core-8.5.37.jar:/Users/Mac/.m2/repository/org/apache/tomcat/tomcat-annotations-api/8.5.37/tomcat-annotations-api-8.5.37.jar:/Users/Mac/.m2/repository/org/apache/tomcat/embed/tomcat-embed-el/8.5.37/tomcat-embed-el-8.5.37.jar:/Users/Mac/.m2/repository/org/apache/tomcat/embed/tomcat-embed-websocket/8.5.37/tomcat-embed-websocket-8.5.37.jar:/Users/Mac/.m2/repository/org/hibernate/hibernate-validator/5.3.6.Final/hibernate-validator-5.3.6.Final.jar:/Users/Mac/.m2/repository/javax/validation/validation-api/1.1.0.Final/validation-api-1.1.0.Final.jar:/Users/Mac/.m2/repository/org/jboss/logging/jboss-logging/3.3.2.Final/jboss-logging-3.3.2.Final.jar:/Users/Mac/.m2/repository/com/fasterxml/classmate/1.3.4/classmate-1.3.4.jar:/Users/Mac/.m2/repository/com/fasterxml/jackson/core/jackson-databind/2.8.11.3/jackson-databind-2.8.11.3.jar:/Users/Mac/.m2/repository/com/fasterxml/jackson/core/jackson-annotations/2.8.0/jackson-annotations-2.8.0.jar:/Users/Mac/.m2/repository/com/fasterxml/jackson/core/jackson-core/2.8.11/jackson-core-2.8.11.jar:/Users/Mac/.m2/repository/org/springframework/spring-web/4.3.22.RELEASE/spring-web-4.3.22.RELEASE.jar:/Users/Mac/.m2/repository/org/springframework/spring-webmvc/4.3.22.RELEASE/spring-webmvc-4.3.22.RELEASE.jar:/Users/Mac/.m2/repository/org/springframework/spring-expression/4.3.22.RELEASE/spring-expression-4.3.22.RELEASE.jar:/Users/Mac/.m2/repository/org/mybatis/spring/boot/mybatis-spring-boot-starter/1.1.1/mybatis-spring-boot-starter-1.1.1.jar:/Users/Mac/.m2/repository/org/mybatis/spring/boot/mybatis-spring-boot-autoconfigure/1.1.1/mybatis-spring-boot-autoconfigure-1.1.1.jar:/Users/Mac/.m2/repository/org/mybatis/mybatis/3.4.0/mybatis-3.4.0.jar:/Users/Mac/.m2/repository/org/mybatis/mybatis-spring/1.3.0/mybatis-spring-1.3.0.jar:/Users/Mac/.m2/repository/org/springframework/boot/spring-boot-starter-jdbc/1.5.19.RELEASE/spring-boot-starter-jdbc-1.5.19.RELEASE.jar:/Users/Mac/.m2/repository/org/apache/tomcat/tomcat-jdbc/8.5.37/tomcat-jdbc-8.5.37.jar:/Users/Mac/.m2/repository/org/apache/tomcat/tomcat-juli/8.5.37/tomcat-juli-8.5.37.jar:/Users/Mac/.m2/repository/org/springframework/spring-jdbc/4.3.22.RELEASE/spring-jdbc-4.3.22.RELEASE.jar:/Users/Mac/.m2/repository/org/springframework/spring-tx/4.3.22.RELEASE/spring-tx-4.3.22.RELEASE.jar:/Users/Mac/.m2/repository/mysql/mysql-connector-java/5.1.47/mysql-connector-java-5.1.47.jar:/Users/Mac/.m2/repository/org/springframework/boot/spring-boot-devtools/1.5.19.RELEASE/spring-boot-devtools-1.5.19.RELEASE.jar:/Users/Mac/.m2/repository/org/springframework/boot/spring-boot/1.5.19.RELEASE/spring-boot-1.5.19.RELEASE.jar:/Users/Mac/.m2/repository/org/springframework/boot/spring-boot-autoconfigure/1.5.19.RELEASE/spring-boot-autoconfigure-1.5.19.RELEASE.jar:/Users/Mac/.m2/repository/org/springframework/boot/spring-boot-starter-test/1.5.19.RELEASE/spring-boot-starter-test-1.5.19.RELEASE.jar:/Users/Mac/.m2/repository/org/springframework/boot/spring-boot-test/1.5.19.RELEASE/spring-boot-test-1.5.19.RELEASE.jar:/Users/Mac/.m2/repository/org/springframework/boot/spring-boot-test-autoconfigure/1.5.19.RELEASE/spring-boot-test-autoconfigure-1.5.19.RELEASE.jar:/Users/Mac/.m2/repository/com/jayway/jsonpath/json-path/2.2.0/json-path-2.2.0.jar:/Users/Mac/.m2/repository/net/minidev/json-smart/2.2.1/json-smart-2.2.1.jar:/Users/Mac/.m2/repository/net/minidev/accessors-smart/1.1/accessors-smart-1.1.jar:/Users/Mac/.m2/repository/org/ow2/asm/asm/5.0.3/asm-5.0.3.jar:/Users/Mac/.m2/repository/org/slf4j/slf4j-api/1.7.25/slf4j-api-1.7.25.jar:/Users/Mac/.m2/repository/junit/junit/4.12/junit-4.12.jar:/Users/Mac/.m2/repository/org/assertj/assertj-core/2.6.0/assertj-core-2.6.0.jar:/Users/Mac/.m2/repository/org/mockito/mockito-core/1.10.19/mockito-core-1.10.19.jar:/Users/Mac/.m2/repository/org/objenesis/objenesis/2.1/objenesis-2.1.jar:/Users/Mac/.m2/repository/org/hamcrest/hamcrest-core/1.3/hamcrest-core-1.3.jar:/Users/Mac/.m2/repository/org/hamcrest/hamcrest-library/1.3/hamcrest-library-1.3.jar:/Users/Mac/.m2/repository/org/skyscreamer/jsonassert/1.4.0/jsonassert-1.4.0.jar:/Users/Mac/.m2/repository/com/vaadin/external/google/android-json/0.0.20131108.vaadin1/android-json-0.0.20131108.vaadin1.jar:/Users/Mac/.m2/repository/org/springframework/spring-core/4.3.22.RELEASE/spring-core-4.3.22.RELEASE.jar:/Users/Mac/.m2/repository/org/springframework/spring-test/4.3.22.RELEASE/spring-test-4.3.22.RELEASE.jar:/Users/Mac/.m2/repository/com/itextpdf/itextpdf/5.4.3/itextpdf-5.4.3.jar:/Users/Mac/.m2/repository/com/itextpdf/itext-asian/5.2.0/itext-asian-5.2.0.jar:, user.name=JeremyLi, java.vm.specification.version=1.8, sun.java.command=/Users/Mac/Desktop/Sunflower-Cup-Competition-Reporting-System/demo/target/surefire/surefirebooter5387001240069492201.jar /Users/Mac/Desktop/Sunflower-Cup-Competition-Reporting-System/demo/target/surefire/surefire5791225318564671829tmp /Users/Mac/Desktop/Sunflower-Cup-Competition-Reporting-System/demo/target/surefire/surefire_06406640244128284257tmp, java.home=/Library/Java/JavaVirtualMachines/jdk1.8.0_211.jdk/Contents/Home/jre, sun.arch.data.model=64, user.language=zh, java.specification.vendor=Oracle Corporation, idea.version2019.1.3=true, awt.toolkit=sun.lwawt.macosx.LWCToolkit, java.vm.info=mixed mode, java.version=1.8.0_211, java.ext.dirs=/Users/Mac/Library/Java/Extensions:/Library/Java/JavaVirtualMachines/jdk1.8.0_211.jdk/Contents/Home/jre/lib/ext:/Library/Java/Extensions:/Network/Library/Java/Extensions:/System/Library/Java/Extensions:/usr/lib/java, sun.boot.class.path=/Library/Java/JavaVirtualMachines/jdk1.8.0_211.jdk/Contents/Home/jre/lib/resources.jar:/Library/Java/JavaVirtualMachines/jdk1.8.0_211.jdk/Contents/Home/jre/lib/rt.jar:/Library/Java/JavaVirtualMachines/jdk1.8.0_211.jdk/Contents/Home/jre/lib/sunrsasign.jar:/Library/Java/JavaVirtualMachines/jdk1.8.0_211.jdk/Contents/Home/jre/lib/jsse.jar:/Library/Java/JavaVirtualMachines/jdk1.8.0_211.jdk/Contents/Home/jre/lib/jce.jar:/Library/Java/JavaVirtualMachines/jdk1.8.0_211.jdk/Contents/Home/jre/lib/charsets.jar:/Library/Java/JavaVirtualMachines/jdk1.8.0_211.jdk/Contents/Home/jre/lib/jfr.jar:/Library/Java/JavaVirtualMachines/jdk1.8.0_211.jdk/Contents/Home/jre/classes, java.vendor=Oracle Corporation, localRepository=/Users/Mac/.m2/repository, file.separator=/, java.vendor.url.bug=http://bugreport.sun.com/bugreport/, sun.io.unicode.encoding=UnicodeBig, sun.cpu.endian=little, socksNonProxyHosts=local|*.local|169.254/16|*.169.254/16, ftp.nonProxyHosts=local|*.local|169.254/16|*.169.254/16, sun.cpu.isalist=}}, SystemEnvironmentPropertySource@796667727 {name='systemEnvironment', properties={PATH=/usr/bin:/bin:/usr/sbin:/sbin, SHELL=/bin/bash, OLDPWD=/Users/Mac/Desktop/Sunflower-Cup-Competition-Reporting-System/demo, USER=JeremyLi, TMPDIR=/var/folders/48/p0kxxyqx47jg34mpd_2d9lwr0000gn/T/, JAVA_MAIN_CLASS_3519=org.codehaus.classworlds.Launcher, SSH_AUTH_SOCK=/private/tmp/com.apple.launchd.V5arDhFjjO/Listeners, XPC_FLAGS=0x0, JAVA_MAIN_CLASS_3522=org.apache.maven.surefire.booter.ForkedBooter, __CF_USER_TEXT_ENCODING=0x1F5:0x19:0x34, Apple_PubSub_Socket_Render=/private/tmp/com.apple.launchd.KHdUvAQ3O2/Render, LOGNAME=JeremyLi, XPC_SERVICE_NAME=0, PWD=/Users/Mac/Desktop/Sunflower-Cup-Competition-Reporting-System/demo, HOME=/Users/Mac, SHLVL=1, _=/Library/Java/JavaVirtualMachines/jdk1.8.0_211.jdk/Contents/Home/jre/bin/java}}]
18:15:37.259 [main] DEBUG org.springframework.core.env.MutablePropertySources - Adding PropertySource 'inline' with highest search precedence
18:15:37.304 [main] DEBUG org.springframework.test.context.support.TestPropertySourceUtils - Adding inlined properties to environment: {spring.jmx.enabled=false, org.springframework.boot.test.context.SpringBootTestContextBootstrapper=true, server.port=-1}
18:15:37.304 [main] DEBUG org.springframework.core.env.StandardEnvironment - Adding PropertySource 'Inlined Test Properties' with highest search precedence

  .   ____          _            __ _ _
 /\\ / ___'_ __ _ _(_)_ __  __ _ \ \ \ \
( ( )\___ | '_ | '_| | '_ \/ _` | \ \ \ \
 \\/  ___)| |_)| | | | | || (_| |  ) ) ) )
  '  |____| .__|_| |_|_| |_\__, | / / / /
 =========|_|==============|___/=/_/_/_/
 :: Spring Boot ::       (v1.5.19.RELEASE)

2019-07-03 18:15:38.152  INFO 3522 --- [           main] com.sumflower.demo.DemoApplicationTests  : Starting DemoApplicationTests on MacdeMacBook-Pro.local with PID 3522 (started by JeremyLi in /Users/Mac/Desktop/Sunflower-Cup-Competition-Reporting-System/demo)
2019-07-03 18:15:38.159  INFO 3522 --- [           main] com.sumflower.demo.DemoApplicationTests  : No active profile set, falling back to default profiles: default
2019-07-03 18:15:38.305  INFO 3522 --- [           main] o.s.w.c.s.GenericWebApplicationContext   : Refreshing org.springframework.web.context.support.GenericWebApplicationContext@3059cbc: startup date [Wed Jul 03 18:15:38 CST 2019]; root of context hierarchy
2019-07-03 18:15:39.822 ERROR 3522 --- [           main] o.s.boot.SpringApplication               : Application startup failed

java.lang.NoClassDefFoundError: javax/mail/Address
	at java.lang.Class.getDeclaredFields0(Native Method) ~[na:1.8.0_211]
	at java.lang.Class.privateGetDeclaredFields(Class.java:2583) ~[na:1.8.0_211]
	at java.lang.Class.getDeclaredFields(Class.java:1916) ~[na:1.8.0_211]
	at org.springframework.util.ReflectionUtils.getDeclaredFields(ReflectionUtils.java:713) ~[spring-core-4.3.22.RELEASE.jar:4.3.22.RELEASE]
	at org.springframework.util.ReflectionUtils.doWithFields(ReflectionUtils.java:685) ~[spring-core-4.3.22.RELEASE.jar:4.3.22.RELEASE]
	at org.springframework.util.ReflectionUtils.doWithFields(ReflectionUtils.java:671) ~[spring-core-4.3.22.RELEASE.jar:4.3.22.RELEASE]
	at org.springframework.boot.test.mock.mockito.DefinitionsParser.parse(DefinitionsParser.java:63) ~[spring-boot-test-1.5.19.RELEASE.jar:1.5.19.RELEASE]
	at org.springframework.boot.test.mock.mockito.MockitoPostProcessor.postProcessBeanFactory(MockitoPostProcessor.java:142) ~[spring-boot-test-1.5.19.RELEASE.jar:1.5.19.RELEASE]
	at org.springframework.boot.test.mock.mockito.MockitoPostProcessor.postProcessBeanFactory(MockitoPostProcessor.java:134) ~[spring-boot-test-1.5.19.RELEASE.jar:1.5.19.RELEASE]
	at org.springframework.context.support.PostProcessorRegistrationDelegate.invokeBeanFactoryPostProcessors(PostProcessorRegistrationDelegate.java:283) ~[spring-context-4.3.22.RELEASE.jar:4.3.22.RELEASE]
	at org.springframework.context.support.PostProcessorRegistrationDelegate.invokeBeanFactoryPostProcessors(PostProcessorRegistrationDelegate.java:171) ~[spring-context-4.3.22.RELEASE.jar:4.3.22.RELEASE]
	at org.springframework.context.support.AbstractApplicationContext.invokeBeanFactoryPostProcessors(AbstractApplicationContext.java:687) ~[spring-context-4.3.22.RELEASE.jar:4.3.22.RELEASE]
	at org.springframework.context.support.AbstractApplicationContext.refresh(AbstractApplicationContext.java:525) ~[spring-context-4.3.22.RELEASE.jar:4.3.22.RELEASE]
	at org.springframework.boot.SpringApplication.refresh(SpringApplication.java:693) ~[spring-boot-1.5.19.RELEASE.jar:1.5.19.RELEASE]
	at org.springframework.boot.SpringApplication.refreshContext(SpringApplication.java:360) ~[spring-boot-1.5.19.RELEASE.jar:1.5.19.RELEASE]
	at org.springframework.boot.SpringApplication.run(SpringApplication.java:303) ~[spring-boot-1.5.19.RELEASE.jar:1.5.19.RELEASE]
	at org.springframework.boot.test.context.SpringBootContextLoader.loadContext(SpringBootContextLoader.java:121) [spring-boot-test-1.5.19.RELEASE.jar:1.5.19.RELEASE]
	at org.springframework.test.context.cache.DefaultCacheAwareContextLoaderDelegate.loadContextInternal(DefaultCacheAwareContextLoaderDelegate.java:98) [spring-test-4.3.22.RELEASE.jar:4.3.22.RELEASE]
	at org.springframework.test.context.cache.DefaultCacheAwareContextLoaderDelegate.loadContext(DefaultCacheAwareContextLoaderDelegate.java:116) [spring-test-4.3.22.RELEASE.jar:4.3.22.RELEASE]
	at org.springframework.test.context.support.DefaultTestContext.getApplicationContext(DefaultTestContext.java:83) [spring-test-4.3.22.RELEASE.jar:4.3.22.RELEASE]
	at org.springframework.test.context.web.ServletTestExecutionListener.setUpRequestContextIfNecessary(ServletTestExecutionListener.java:189) [spring-test-4.3.22.RELEASE.jar:4.3.22.RELEASE]
	at org.springframework.test.context.web.ServletTestExecutionListener.prepareTestInstance(ServletTestExecutionListener.java:131) [spring-test-4.3.22.RELEASE.jar:4.3.22.RELEASE]
	at org.springframework.test.context.TestContextManager.prepareTestInstance(TestContextManager.java:230) [spring-test-4.3.22.RELEASE.jar:4.3.22.RELEASE]
	at org.springframework.test.context.junit4.SpringJUnit4ClassRunner.createTest(SpringJUnit4ClassRunner.java:228) [spring-test-4.3.22.RELEASE.jar:4.3.22.RELEASE]
	at org.springframework.test.context.junit4.SpringJUnit4ClassRunner$1.runReflectiveCall(SpringJUnit4ClassRunner.java:287) [spring-test-4.3.22.RELEASE.jar:4.3.22.RELEASE]
	at org.junit.internal.runners.model.ReflectiveCallable.run(ReflectiveCallable.java:12) [junit-4.12.jar:4.12]
	at org.springframework.test.context.junit4.SpringJUnit4ClassRunner.methodBlock(SpringJUnit4ClassRunner.java:289) [spring-test-4.3.22.RELEASE.jar:4.3.22.RELEASE]
	at org.springframework.test.context.junit4.SpringJUnit4ClassRunner.runChild(SpringJUnit4ClassRunner.java:247) [spring-test-4.3.22.RELEASE.jar:4.3.22.RELEASE]
	at org.springframework.test.context.junit4.SpringJUnit4ClassRunner.runChild(SpringJUnit4ClassRunner.java:94) [spring-test-4.3.22.RELEASE.jar:4.3.22.RELEASE]
	at org.junit.runners.ParentRunner$3.run(ParentRunner.java:290) [junit-4.12.jar:4.12]
	at org.junit.runners.ParentRunner$1.schedule(ParentRunner.java:71) [junit-4.12.jar:4.12]
	at org.junit.runners.ParentRunner.runChildren(ParentRunner.java:288) [junit-4.12.jar:4.12]
	at org.junit.runners.ParentRunner.access$000(ParentRunner.java:58) [junit-4.12.jar:4.12]
	at org.junit.runners.ParentRunner$2.evaluate(ParentRunner.java:268) [junit-4.12.jar:4.12]
	at org.springframework.test.context.junit4.statements.RunBeforeTestClassCallbacks.evaluate(RunBeforeTestClassCallbacks.java:61) [spring-test-4.3.22.RELEASE.jar:4.3.22.RELEASE]
	at org.springframework.test.context.junit4.statements.RunAfterTestClassCallbacks.evaluate(RunAfterTestClassCallbacks.java:70) [spring-test-4.3.22.RELEASE.jar:4.3.22.RELEASE]
	at org.junit.runners.ParentRunner.run(ParentRunner.java:363) [junit-4.12.jar:4.12]
	at org.springframework.test.context.junit4.SpringJUnit4ClassRunner.run(SpringJUnit4ClassRunner.java:191) [spring-test-4.3.22.RELEASE.jar:4.3.22.RELEASE]
	at org.apache.maven.surefire.junit4.JUnit4Provider.execute(JUnit4Provider.java:283) [surefire-junit4-2.18.1.jar:2.18.1]
	at org.apache.maven.surefire.junit4.JUnit4Provider.executeWithRerun(JUnit4Provider.java:173) [surefire-junit4-2.18.1.jar:2.18.1]
	at org.apache.maven.surefire.junit4.JUnit4Provider.executeTestSet(JUnit4Provider.java:153) [surefire-junit4-2.18.1.jar:2.18.1]
	at org.apache.maven.surefire.junit4.JUnit4Provider.invoke(JUnit4Provider.java:128) [surefire-junit4-2.18.1.jar:2.18.1]
	at org.apache.maven.surefire.booter.ForkedBooter.invokeProviderInSameClassLoader(ForkedBooter.java:203) [surefire-booter-2.18.1.jar:2.18.1]
	at org.apache.maven.surefire.booter.ForkedBooter.runSuitesInProcess(ForkedBooter.java:155) [surefire-booter-2.18.1.jar:2.18.1]
	at org.apache.maven.surefire.booter.ForkedBooter.main(ForkedBooter.java:103) [surefire-booter-2.18.1.jar:2.18.1]
Caused by: java.lang.ClassNotFoundException: javax.mail.Address
	at java.net.URLClassLoader.findClass(URLClassLoader.java:382) ~[na:1.8.0_211]
	at java.lang.ClassLoader.loadClass(ClassLoader.java:424) ~[na:1.8.0_211]
	at sun.misc.Launcher$AppClassLoader.loadClass(Launcher.java:349) ~[na:1.8.0_211]
	at java.lang.ClassLoader.loadClass(ClassLoader.java:357) ~[na:1.8.0_211]
	... 45 common frames omitted

2019-07-03 18:15:39.825  INFO 3522 --- [           main] o.s.w.c.s.GenericWebApplicationContext   : Closing org.springframework.web.context.support.GenericWebApplicationContext@3059cbc: startup date [Wed Jul 03 18:15:38 CST 2019]; root of context hierarchy
2019-07-03 18:15:39.828 ERROR 3522 --- [           main] o.s.test.context.TestContextManager      : Caught exception while allowing TestExecutionListener [org.springframework.test.context.web.ServletTestExecutionListener@525b461a] to prepare test instance [com.sumflower.demo.DemoApplicationTests@7a11c4c7]

java.lang.NoClassDefFoundError: javax/mail/Address
	at java.lang.Class.getDeclaredFields0(Native Method) ~[na:1.8.0_211]
	at java.lang.Class.privateGetDeclaredFields(Class.java:2583) ~[na:1.8.0_211]
	at java.lang.Class.getDeclaredFields(Class.java:1916) ~[na:1.8.0_211]
	at org.springframework.util.ReflectionUtils.getDeclaredFields(ReflectionUtils.java:713) ~[spring-core-4.3.22.RELEASE.jar:4.3.22.RELEASE]
	at org.springframework.util.ReflectionUtils.doWithFields(ReflectionUtils.java:685) ~[spring-core-4.3.22.RELEASE.jar:4.3.22.RELEASE]
	at org.springframework.util.ReflectionUtils.doWithFields(ReflectionUtils.java:671) ~[spring-core-4.3.22.RELEASE.jar:4.3.22.RELEASE]
	at org.springframework.boot.test.mock.mockito.DefinitionsParser.parse(DefinitionsParser.java:63) ~[spring-boot-test-1.5.19.RELEASE.jar:1.5.19.RELEASE]
	at org.springframework.boot.test.mock.mockito.MockitoPostProcessor.postProcessBeanFactory(MockitoPostProcessor.java:142) ~[spring-boot-test-1.5.19.RELEASE.jar:1.5.19.RELEASE]
	at org.springframework.boot.test.mock.mockito.MockitoPostProcessor.postProcessBeanFactory(MockitoPostProcessor.java:134) ~[spring-boot-test-1.5.19.RELEASE.jar:1.5.19.RELEASE]
	at org.springframework.context.support.PostProcessorRegistrationDelegate.invokeBeanFactoryPostProcessors(PostProcessorRegistrationDelegate.java:283) ~[spring-context-4.3.22.RELEASE.jar:4.3.22.RELEASE]
	at org.springframework.context.support.PostProcessorRegistrationDelegate.invokeBeanFactoryPostProcessors(PostProcessorRegistrationDelegate.java:171) ~[spring-context-4.3.22.RELEASE.jar:4.3.22.RELEASE]
	at org.springframework.context.support.AbstractApplicationContext.invokeBeanFactoryPostProcessors(AbstractApplicationContext.java:687) ~[spring-context-4.3.22.RELEASE.jar:4.3.22.RELEASE]
	at org.springframework.context.support.AbstractApplicationContext.refresh(AbstractApplicationContext.java:525) ~[spring-context-4.3.22.RELEASE.jar:4.3.22.RELEASE]
	at org.springframework.boot.SpringApplication.refresh(SpringApplication.java:693) ~[spring-boot-1.5.19.RELEASE.jar:1.5.19.RELEASE]
	at org.springframework.boot.SpringApplication.refreshContext(SpringApplication.java:360) ~[spring-boot-1.5.19.RELEASE.jar:1.5.19.RELEASE]
	at org.springframework.boot.SpringApplication.run(SpringApplication.java:303) ~[spring-boot-1.5.19.RELEASE.jar:1.5.19.RELEASE]
	at org.springframework.boot.test.context.SpringBootContextLoader.loadContext(SpringBootContextLoader.java:121) ~[spring-boot-test-1.5.19.RELEASE.jar:1.5.19.RELEASE]
	at org.springframework.test.context.cache.DefaultCacheAwareContextLoaderDelegate.loadContextInternal(DefaultCacheAwareContextLoaderDelegate.java:98) ~[spring-test-4.3.22.RELEASE.jar:4.3.22.RELEASE]
	at org.springframework.test.context.cache.DefaultCacheAwareContextLoaderDelegate.loadContext(DefaultCacheAwareContextLoaderDelegate.java:116) ~[spring-test-4.3.22.RELEASE.jar:4.3.22.RELEASE]
	at org.springframework.test.context.support.DefaultTestContext.getApplicationContext(DefaultTestContext.java:83) ~[spring-test-4.3.22.RELEASE.jar:4.3.22.RELEASE]
	at org.springframework.test.context.web.ServletTestExecutionListener.setUpRequestContextIfNecessary(ServletTestExecutionListener.java:189) ~[spring-test-4.3.22.RELEASE.jar:4.3.22.RELEASE]
	at org.springframework.test.context.web.ServletTestExecutionListener.prepareTestInstance(ServletTestExecutionListener.java:131) ~[spring-test-4.3.22.RELEASE.jar:4.3.22.RELEASE]
	at org.springframework.test.context.TestContextManager.prepareTestInstance(TestContextManager.java:230) ~[spring-test-4.3.22.RELEASE.jar:4.3.22.RELEASE]
	at org.springframework.test.context.junit4.SpringJUnit4ClassRunner.createTest(SpringJUnit4ClassRunner.java:228) [spring-test-4.3.22.RELEASE.jar:4.3.22.RELEASE]
	at org.springframework.test.context.junit4.SpringJUnit4ClassRunner$1.runReflectiveCall(SpringJUnit4ClassRunner.java:287) [spring-test-4.3.22.RELEASE.jar:4.3.22.RELEASE]
	at org.junit.internal.runners.model.ReflectiveCallable.run(ReflectiveCallable.java:12) [junit-4.12.jar:4.12]
	at org.springframework.test.context.junit4.SpringJUnit4ClassRunner.methodBlock(SpringJUnit4ClassRunner.java:289) [spring-test-4.3.22.RELEASE.jar:4.3.22.RELEASE]
	at org.springframework.test.context.junit4.SpringJUnit4ClassRunner.runChild(SpringJUnit4ClassRunner.java:247) [spring-test-4.3.22.RELEASE.jar:4.3.22.RELEASE]
	at org.springframework.test.context.junit4.SpringJUnit4ClassRunner.runChild(SpringJUnit4ClassRunner.java:94) [spring-test-4.3.22.RELEASE.jar:4.3.22.RELEASE]
	at org.junit.runners.ParentRunner$3.run(ParentRunner.java:290) [junit-4.12.jar:4.12]
	at org.junit.runners.ParentRunner$1.schedule(ParentRunner.java:71) [junit-4.12.jar:4.12]
	at org.junit.runners.ParentRunner.runChildren(ParentRunner.java:288) [junit-4.12.jar:4.12]
	at org.junit.runners.ParentRunner.access$000(ParentRunner.java:58) [junit-4.12.jar:4.12]
	at org.junit.runners.ParentRunner$2.evaluate(ParentRunner.java:268) [junit-4.12.jar:4.12]
	at org.springframework.test.context.junit4.statements.RunBeforeTestClassCallbacks.evaluate(RunBeforeTestClassCallbacks.java:61) [spring-test-4.3.22.RELEASE.jar:4.3.22.RELEASE]
	at org.springframework.test.context.junit4.statements.RunAfterTestClassCallbacks.evaluate(RunAfterTestClassCallbacks.java:70) [spring-test-4.3.22.RELEASE.jar:4.3.22.RELEASE]
	at org.junit.runners.ParentRunner.run(ParentRunner.java:363) [junit-4.12.jar:4.12]
	at org.springframework.test.context.junit4.SpringJUnit4ClassRunner.run(SpringJUnit4ClassRunner.java:191) [spring-test-4.3.22.RELEASE.jar:4.3.22.RELEASE]
	at org.apache.maven.surefire.junit4.JUnit4Provider.execute(JUnit4Provider.java:283) [surefire-junit4-2.18.1.jar:2.18.1]
	at org.apache.maven.surefire.junit4.JUnit4Provider.executeWithRerun(JUnit4Provider.java:173) [surefire-junit4-2.18.1.jar:2.18.1]
	at org.apache.maven.surefire.junit4.JUnit4Provider.executeTestSet(JUnit4Provider.java:153) [surefire-junit4-2.18.1.jar:2.18.1]
	at org.apache.maven.surefire.junit4.JUnit4Provider.invoke(JUnit4Provider.java:128) [surefire-junit4-2.18.1.jar:2.18.1]
	at org.apache.maven.surefire.booter.ForkedBooter.invokeProviderInSameClassLoader(ForkedBooter.java:203) [surefire-booter-2.18.1.jar:2.18.1]
	at org.apache.maven.surefire.booter.ForkedBooter.runSuitesInProcess(ForkedBooter.java:155) [surefire-booter-2.18.1.jar:2.18.1]
	at org.apache.maven.surefire.booter.ForkedBooter.main(ForkedBooter.java:103) [surefire-booter-2.18.1.jar:2.18.1]
Caused by: java.lang.ClassNotFoundException: javax.mail.Address
	at java.net.URLClassLoader.findClass(URLClassLoader.java:382) ~[na:1.8.0_211]
	at java.lang.ClassLoader.loadClass(ClassLoader.java:424) ~[na:1.8.0_211]
	at sun.misc.Launcher$AppClassLoader.loadClass(Launcher.java:349) ~[na:1.8.0_211]
	at java.lang.ClassLoader.loadClass(ClassLoader.java:357) ~[na:1.8.0_211]
	... 45 common frames omitted

]]></system-out>
  </testcase>
</testsuite>